2022.07.31 20:21:41 INFO  tracing is disabled for protocol LSP, to enable tracing of incoming and outgoing JSON messages create an empty file at c:\Users\Isurika Arunodi\Documents\Uni docs\2nd year\2204-Functional Programming\Tutorials\Tutorial 4\.metals\lsp.trace.json or C:\Users\Isurika Arunodi\AppData\Local\scalameta\metals\cache\lsp.trace.json
2022.07.31 20:21:42 INFO  logging to file C:\Users\Isurika Arunodi\Documents\Uni docs\2nd year\2204-Functional Programming\Tutorials\Tutorial 4\.metals\metals.log
2022.07.31 20:21:42 INFO  Started: Metals version 0.11.7 in workspace 'C:\Users\Isurika Arunodi\Documents\Uni docs\2nd year\2204-Functional Programming\Tutorials\Tutorial 4' for client Visual Studio Code 1.69.2.
2022.07.31 20:21:43 INFO  time: initialize in 0.61s
2022.07.31 20:21:43 WARN  Flyway upgrade recommended: H2 2.1.214 is newer than this version of Flyway and support has not been tested. The latest supported version of H2 is 2.1.210.
2022.07.31 20:21:43 WARN  Build server is not auto-connectable.
2022.07.31 20:21:43 WARN  no build tool detected in workspace 'C:\Users\Isurika Arunodi\Documents\Uni docs\2nd year\2204-Functional Programming\Tutorials\Tutorial 4'. The most common cause for this problem is that the editor was opened in the wrong working directory, for example if you use sbt then the workspace directory should contain build.sbt. 
2022.07.31 20:21:44 WARN  no build target for: C:\Users\Isurika Arunodi\Documents\Uni docs\2nd year\2204-Functional Programming\Tutorials\Tutorial 4\Q1.scala
2022.07.31 20:21:49 INFO  no build target found for C:\Users\Isurika Arunodi\Documents\Uni docs\2nd year\2204-Functional Programming\Tutorials\Tutorial 4\Q1.scala. Using presentation compiler with project's scala-library version: 3.1.3
2022.07.31 20:22:01 WARN  no build target for: C:\Users\Isurika Arunodi\Documents\Uni docs\2nd year\2204-Functional Programming\Tutorials\Tutorial 4\Q1.scala
2022.07.31 20:22:57 WARN  no build target for: C:\Users\Isurika Arunodi\Documents\Uni docs\2nd year\2204-Functional Programming\Tutorials\Tutorial 4\Q1.scala
2022.07.31 20:27:11 WARN  no build target for: C:\Users\Isurika Arunodi\Documents\Uni docs\2nd year\2204-Functional Programming\Tutorials\Tutorial 3\Q1.scala
2022.07.31 20:27:28 WARN  no build target for: C:\Users\Isurika Arunodi\Documents\Uni docs\2nd year\2204-Functional Programming\Tutorials\Tutorial 4\Q1.scala
2022.07.31 20:27:29 WARN  no build target for: C:\Users\Isurika Arunodi\Documents\Uni docs\2nd year\2204-Functional Programming\Tutorials\Tutorial 4\Q1.scala
2022.07.31 20:27:33 WARN  no build target for: C:\Users\Isurika Arunodi\Documents\Uni docs\2nd year\2204-Functional Programming\Tutorials\Tutorial 4\Q1.scala
2022.07.31 20:27:38 WARN  no build target for: C:\Users\Isurika Arunodi\Documents\Uni docs\2nd year\2204-Functional Programming\Tutorials\Tutorial 4\Q1.scala
2022.07.31 20:27:39 WARN  no build target for: C:\Users\Isurika Arunodi\Documents\Uni docs\2nd year\2204-Functional Programming\Tutorials\Tutorial 4\Q1.scala
2022.07.31 20:27:41 WARN  no build target for: C:\Users\Isurika Arunodi\Documents\Uni docs\2nd year\2204-Functional Programming\Tutorials\Tutorial 4\Q1.scala
Jul 31, 2022 8:27:46 PM org.eclipse.lsp4j.jsonrpc.RemoteEndpoint fallbackResponseError
SEVERE: Internal error: java.lang.reflect.InvocationTargetException
java.lang.RuntimeException: java.lang.reflect.InvocationTargetException
	at org.eclipse.lsp4j.jsonrpc.services.GenericEndpoint.lambda$null$0(GenericEndpoint.java:67)
	at org.eclipse.lsp4j.jsonrpc.services.GenericEndpoint.request(GenericEndpoint.java:120)
	at org.eclipse.lsp4j.jsonrpc.RemoteEndpoint.handleRequest(RemoteEndpoint.java:261)
	at org.eclipse.lsp4j.jsonrpc.RemoteEndpoint.consume(RemoteEndpoint.java:190)
	at org.eclipse.lsp4j.jsonrpc.json.StreamMessageProducer.handleMessage(StreamMessageProducer.java:194)
	at org.eclipse.lsp4j.jsonrpc.json.StreamMessageProducer.listen(StreamMessageProducer.java:94)
	at org.eclipse.lsp4j.jsonrpc.json.ConcurrentMessageProcessor.run(ConcurrentMessageProcessor.java:113)
	at java.base/java.util.concurrent.Executors$RunnableAdapter.call(Executors.java:539)
	at java.base/java.util.concurrent.FutureTask.run(FutureTask.java:264)
	at java.base/java.util.concurrent.ThreadPoolExecutor.runWorker(ThreadPoolExecutor.java:1136)
	at java.base/java.util.concurrent.ThreadPoolExecutor$Worker.run(ThreadPoolExecutor.java:635)
	at java.base/java.lang.Thread.run(Thread.java:833)
Caused by: java.lang.reflect.InvocationTargetException
	at java.base/jdk.internal.reflect.NativeMethodAccessorImpl.invoke0(Native Method)
	at java.base/jdk.internal.reflect.NativeMethodAccessorImpl.invoke(NativeMethodAccessorImpl.java:77)
	at java.base/jdk.internal.reflect.DelegatingMethodAccessorImpl.invoke(DelegatingMethodAccessorImpl.java:43)
	at java.base/java.lang.reflect.Method.invoke(Method.java:568)
	at org.eclipse.lsp4j.jsonrpc.services.GenericEndpoint.lambda$null$0(GenericEndpoint.java:65)
	... 11 more
Caused by: java.lang.IllegalArgumentException: 2 is not a valid line number, allowed [0..0]
	at scala.meta.internal.inputs.InternalInput.lineToOffset(InternalInput.scala:37)
	at scala.meta.internal.inputs.InternalInput.lineToOffset$(InternalInput.scala:32)
	at scala.meta.inputs.Input$VirtualFile.lineToOffset(Input.scala:80)
	at scala.meta.inputs.Position$Range$.apply(Position.scala:59)
	at scala.meta.internal.mtags.MtagsEnrichments$XtensionPositionLspInverse.toMeta(MtagsEnrichments.scala:179)
	at scala.meta.internal.parsing.Trees.$anonfun$findLastEnclosingAt$4(Trees.scala:77)
	at scala.Option.flatMap(Option.scala:283)
	at scala.meta.internal.parsing.Trees.findLastEnclosingAt(Trees.scala:76)
	at scala.meta.internal.metals.codeactions.PatternMatchRefactor.contribute(PatternMatchRefactor.scala:96)
	at scala.meta.internal.metals.CodeActionProvider$$anonfun$1.applyOrElse(CodeActionProvider.scala:66)
	at scala.meta.internal.metals.CodeActionProvider$$anonfun$1.applyOrElse(CodeActionProvider.scala:65)
	at scala.collection.immutable.List.collect(List.scala:275)
	at scala.meta.internal.metals.CodeActionProvider.codeActions(CodeActionProvider.scala:65)
	at scala.meta.internal.metals.MetalsLanguageServer.$anonfun$codeAction$1(MetalsLanguageServer.scala:1652)
	at scala.meta.internal.metals.CancelTokens$.future(CancelTokens.scala:38)
	at scala.meta.internal.metals.MetalsLanguageServer.codeAction(MetalsLanguageServer.scala:1651)
	... 16 more

2022.07.31 20:27:54 WARN  no build target for: C:\Users\Isurika Arunodi\Documents\Uni docs\2nd year\2204-Functional Programming\Tutorials\Tutorial 4\Q1.scala
2022.07.31 20:27:59 WARN  no build target for: C:\Users\Isurika Arunodi\Documents\Uni docs\2nd year\2204-Functional Programming\Tutorials\Tutorial 4\Q1.scala
2022.07.31 20:28:01 WARN  no build target for: C:\Users\Isurika Arunodi\Documents\Uni docs\2nd year\2204-Functional Programming\Tutorials\Tutorial 4\Q1.scala
2022.07.31 20:28:04 WARN  no build target for: C:\Users\Isurika Arunodi\Documents\Uni docs\2nd year\2204-Functional Programming\Tutorials\Tutorial 4\Q1.scala
2022.07.31 20:28:30 WARN  no build target for: C:\Users\Isurika Arunodi\Documents\Uni docs\2nd year\2204-Functional Programming\Tutorials\Tutorial 4\Q1.scala
2022.07.31 20:28:32 WARN  no build target for: C:\Users\Isurika Arunodi\Documents\Uni docs\2nd year\2204-Functional Programming\Tutorials\Tutorial 4\Q1.scala
2022.07.31 20:28:34 WARN  no build target for: C:\Users\Isurika Arunodi\Documents\Uni docs\2nd year\2204-Functional Programming\Tutorials\Tutorial 4\Q1.scala
2022.07.31 20:28:35 WARN  no build target for: C:\Users\Isurika Arunodi\Documents\Uni docs\2nd year\2204-Functional Programming\Tutorials\Tutorial 4\Q1.scala
2022.07.31 20:28:40 WARN  no build target for: C:\Users\Isurika Arunodi\Documents\Uni docs\2nd year\2204-Functional Programming\Tutorials\Tutorial 4\Q1.scala
2022.07.31 20:28:43 WARN  no build target for: C:\Users\Isurika Arunodi\Documents\Uni docs\2nd year\2204-Functional Programming\Tutorials\Tutorial 4\Q1.scala
2022.07.31 20:28:49 WARN  no build target for: C:\Users\Isurika Arunodi\Documents\Uni docs\2nd year\2204-Functional Programming\Tutorials\Tutorial 4\Q1.scala
2022.07.31 20:29:03 WARN  no build target for: C:\Users\Isurika Arunodi\Documents\Uni docs\2nd year\2204-Functional Programming\Tutorials\Tutorial 4\Q1.scala
2022.07.31 20:29:06 WARN  no build target for: C:\Users\Isurika Arunodi\Documents\Uni docs\2nd year\2204-Functional Programming\Tutorials\Tutorial 4\Q1.scala
2022.07.31 20:29:11 WARN  no build target for: C:\Users\Isurika Arunodi\Documents\Uni docs\2nd year\2204-Functional Programming\Tutorials\Tutorial 4\Q1.scala
2022.07.31 20:29:14 WARN  no build target for: C:\Users\Isurika Arunodi\Documents\Uni docs\2nd year\2204-Functional Programming\Tutorials\Tutorial 4\Q1.scala
2022.07.31 20:29:18 WARN  no build target for: C:\Users\Isurika Arunodi\Documents\Uni docs\2nd year\2204-Functional Programming\Tutorials\Tutorial 4\Q1.scala
2022.07.31 20:29:21 WARN  no build target for: C:\Users\Isurika Arunodi\Documents\Uni docs\2nd year\2204-Functional Programming\Tutorials\Tutorial 4\Q1.scala
2022.07.31 20:35:19 WARN  no build target for: C:\Users\Isurika Arunodi\Documents\Uni docs\2nd year\2204-Functional Programming\Tutorials\Tutorial 4\Q1.scala
2022.07.31 20:35:22 WARN  no build target for: C:\Users\Isurika Arunodi\Documents\Uni docs\2nd year\2204-Functional Programming\Tutorials\Tutorial 4\Q1.scala
2022.07.31 20:35:54 WARN  no build target for: C:\Users\Isurika Arunodi\Documents\Uni docs\2nd year\2204-Functional Programming\Tutorials\Tutorial 4\Q1.scala
2022.07.31 20:37:36 WARN  no build target for: C:\Users\Isurika Arunodi\Documents\Uni docs\2nd year\2204-Functional Programming\Tutorials\Tutorial 4\Q1.scala
2022.07.31 20:37:37 WARN  no build target for: C:\Users\Isurika Arunodi\Documents\Uni docs\2nd year\2204-Functional Programming\Tutorials\Tutorial 4\Q1.scala
2022.07.31 20:37:40 WARN  no build target for: C:\Users\Isurika Arunodi\Documents\Uni docs\2nd year\2204-Functional Programming\Tutorials\Tutorial 4\Q1.scala
2022.07.31 20:37:42 WARN  no build target for: C:\Users\Isurika Arunodi\Documents\Uni docs\2nd year\2204-Functional Programming\Tutorials\Tutorial 4\Q1.scala
2022.07.31 20:37:43 WARN  no build target for: C:\Users\Isurika Arunodi\Documents\Uni docs\2nd year\2204-Functional Programming\Tutorials\Tutorial 4\Q1.scala
2022.07.31 20:40:03 WARN  no build target for: C:\Users\Isurika Arunodi\Documents\Uni docs\2nd year\2204-Functional Programming\Tutorials\Tutorial 4\Q1.scala
2022.07.31 20:40:08 WARN  no build target for: C:\Users\Isurika Arunodi\Documents\Uni docs\2nd year\2204-Functional Programming\Tutorials\Tutorial 4\Q1.scala
2022.07.31 20:40:09 WARN  no build target for: C:\Users\Isurika Arunodi\Documents\Uni docs\2nd year\2204-Functional Programming\Tutorials\Tutorial 4\Q1.scala
2022.07.31 20:40:12 WARN  no build target for: C:\Users\Isurika Arunodi\Documents\Uni docs\2nd year\2204-Functional Programming\Tutorials\Tutorial 4\Q1.scala
2022.07.31 20:40:14 WARN  no build target for: C:\Users\Isurika Arunodi\Documents\Uni docs\2nd year\2204-Functional Programming\Tutorials\Tutorial 4\Q1.scala
2022.07.31 20:40:17 WARN  no build target for: C:\Users\Isurika Arunodi\Documents\Uni docs\2nd year\2204-Functional Programming\Tutorials\Tutorial 4\Q1.scala
2022.07.31 20:40:20 WARN  no build target for: C:\Users\Isurika Arunodi\Documents\Uni docs\2nd year\2204-Functional Programming\Tutorials\Tutorial 4\Q1.scala
2022.07.31 20:40:24 WARN  no build target for: C:\Users\Isurika Arunodi\Documents\Uni docs\2nd year\2204-Functional Programming\Tutorials\Tutorial 3\Q1.scala
2022.07.31 20:40:41 WARN  no build target for: C:\Users\Isurika Arunodi\Documents\Uni docs\2nd year\2204-Functional Programming\Tutorials\Tutorial 4\Q1.scala
2022.07.31 20:40:43 WARN  no build target for: C:\Users\Isurika Arunodi\Documents\Uni docs\2nd year\2204-Functional Programming\Tutorials\Tutorial 4\Q1.scala
2022.07.31 20:40:51 WARN  no build target for: C:\Users\Isurika Arunodi\Documents\Uni docs\2nd year\2204-Functional Programming\Tutorials\Tutorial 4\Q1.scala
2022.07.31 20:40:54 WARN  no build target for: C:\Users\Isurika Arunodi\Documents\Uni docs\2nd year\2204-Functional Programming\Tutorials\Tutorial 4\Q1.scala
2022.07.31 20:41:04 WARN  no build target for: C:\Users\Isurika Arunodi\Documents\Uni docs\2nd year\2204-Functional Programming\Tutorials\Tutorial 4\Q1.scala
2022.07.31 20:41:07 WARN  no build target for: C:\Users\Isurika Arunodi\Documents\Uni docs\2nd year\2204-Functional Programming\Tutorials\Tutorial 4\Q1.scala
2022.07.31 20:41:11 WARN  no build target for: C:\Users\Isurika Arunodi\Documents\Uni docs\2nd year\2204-Functional Programming\Tutorials\Tutorial 4\Q1.scala
2022.07.31 20:41:24 WARN  no build target for: C:\Users\Isurika Arunodi\Documents\Uni docs\2nd year\2204-Functional Programming\Tutorials\Tutorial 4\Q1.scala
2022.07.31 20:41:26 WARN  no build target for: C:\Users\Isurika Arunodi\Documents\Uni docs\2nd year\2204-Functional Programming\Tutorials\Tutorial 4\Q1.scala
2022.07.31 20:41:28 WARN  no build target for: C:\Users\Isurika Arunodi\Documents\Uni docs\2nd year\2204-Functional Programming\Tutorials\Tutorial 4\Q1.scala
2022.07.31 20:41:34 WARN  no build target for: C:\Users\Isurika Arunodi\Documents\Uni docs\2nd year\2204-Functional Programming\Tutorials\Tutorial 4\Q1.scala
2022.07.31 20:41:35 WARN  no build target for: C:\Users\Isurika Arunodi\Documents\Uni docs\2nd year\2204-Functional Programming\Tutorials\Tutorial 4\Q1.scala
2022.07.31 20:41:38 WARN  no build target for: C:\Users\Isurika Arunodi\Documents\Uni docs\2nd year\2204-Functional Programming\Tutorials\Tutorial 4\Q1.scala
2022.07.31 20:41:41 WARN  no build target for: C:\Users\Isurika Arunodi\Documents\Uni docs\2nd year\2204-Functional Programming\Tutorials\Tutorial 4\Q1.scala
2022.07.31 20:43:13 WARN  no build target for: C:\Users\Isurika Arunodi\Documents\Uni docs\2nd year\2204-Functional Programming\Tutorials\Tutorial 4\Q1.scala
2022.07.31 20:43:14 WARN  no build target for: C:\Users\Isurika Arunodi\Documents\Uni docs\2nd year\2204-Functional Programming\Tutorials\Tutorial 4\Q1.scala
2022.07.31 20:43:39 WARN  no build target for: C:\Users\Isurika Arunodi\Documents\Uni docs\2nd year\2204-Functional Programming\Tutorials\Tutorial 4\Q1.scala
2022.07.31 20:43:47 WARN  no build target for: C:\Users\Isurika Arunodi\Documents\Uni docs\2nd year\2204-Functional Programming\Tutorials\Tutorial 4\Q1.scala
2022.07.31 20:43:49 WARN  no build target for: C:\Users\Isurika Arunodi\Documents\Uni docs\2nd year\2204-Functional Programming\Tutorials\Tutorial 4\Q1.scala
2022.07.31 20:43:51 WARN  no build target for: C:\Users\Isurika Arunodi\Documents\Uni docs\2nd year\2204-Functional Programming\Tutorials\Tutorial 4\Q1.scala
2022.07.31 20:43:53 WARN  no build target for: C:\Users\Isurika Arunodi\Documents\Uni docs\2nd year\2204-Functional Programming\Tutorials\Tutorial 4\Q1.scala
2022.07.31 20:43:54 WARN  no build target for: C:\Users\Isurika Arunodi\Documents\Uni docs\2nd year\2204-Functional Programming\Tutorials\Tutorial 4\Q1.scala
2022.07.31 20:46:51 WARN  no build target for: C:\Users\Isurika Arunodi\Documents\Uni docs\2nd year\2204-Functional Programming\Tutorials\Tutorial 4\Q1.scala
2022.07.31 20:46:59 WARN  no build target for: C:\Users\Isurika Arunodi\Documents\Uni docs\2nd year\2204-Functional Programming\Tutorials\Tutorial 4\Q1.scala
2022.07.31 20:47:06 WARN  no build target for: C:\Users\Isurika Arunodi\Documents\Uni docs\2nd year\2204-Functional Programming\Tutorials\Tutorial 4\Q1.scala
2022.07.31 20:47:08 WARN  no build target for: C:\Users\Isurika Arunodi\Documents\Uni docs\2nd year\2204-Functional Programming\Tutorials\Tutorial 4\Q1.scala
2022.07.31 20:47:09 WARN  no build target for: C:\Users\Isurika Arunodi\Documents\Uni docs\2nd year\2204-Functional Programming\Tutorials\Tutorial 4\Q1.scala
2022.07.31 20:47:11 WARN  no build target for: C:\Users\Isurika Arunodi\Documents\Uni docs\2nd year\2204-Functional Programming\Tutorials\Tutorial 4\Q1.scala
2022.07.31 20:47:15 WARN  no build target for: C:\Users\Isurika Arunodi\Documents\Uni docs\2nd year\2204-Functional Programming\Tutorials\Tutorial 4\Q1.scala
2022.07.31 20:47:16 WARN  no build target for: C:\Users\Isurika Arunodi\Documents\Uni docs\2nd year\2204-Functional Programming\Tutorials\Tutorial 4\Q1.scala
2022.07.31 20:47:31 WARN  no build target for: C:\Users\Isurika Arunodi\Documents\Uni docs\2nd year\2204-Functional Programming\Tutorials\Tutorial 4\Q1.scala
2022.07.31 20:47:33 WARN  no build target for: C:\Users\Isurika Arunodi\Documents\Uni docs\2nd year\2204-Functional Programming\Tutorials\Tutorial 4\Q1.scala
2022.07.31 20:47:35 WARN  no build target for: C:\Users\Isurika Arunodi\Documents\Uni docs\2nd year\2204-Functional Programming\Tutorials\Tutorial 4\Q1.scala
2022.07.31 20:47:38 WARN  no build target for: C:\Users\Isurika Arunodi\Documents\Uni docs\2nd year\2204-Functional Programming\Tutorials\Tutorial 4\Q1.scala
2022.07.31 20:47:41 WARN  no build target for: C:\Users\Isurika Arunodi\Documents\Uni docs\2nd year\2204-Functional Programming\Tutorials\Tutorial 4\Q1.scala
2022.07.31 20:47:43 WARN  no build target for: C:\Users\Isurika Arunodi\Documents\Uni docs\2nd year\2204-Functional Programming\Tutorials\Tutorial 4\Q1.scala
2022.07.31 20:47:45 WARN  no build target for: C:\Users\Isurika Arunodi\Documents\Uni docs\2nd year\2204-Functional Programming\Tutorials\Tutorial 4\Q1.scala
2022.07.31 20:47:52 WARN  no build target for: C:\Users\Isurika Arunodi\Documents\Uni docs\2nd year\2204-Functional Programming\Tutorials\Tutorial 4\Q1.scala
2022.07.31 20:47:55 WARN  no build target for: C:\Users\Isurika Arunodi\Documents\Uni docs\2nd year\2204-Functional Programming\Tutorials\Tutorial 4\Q1.scala
Jul 31, 2022 8:48:34 PM org.eclipse.lsp4j.jsonrpc.services.GenericEndpoint notify
INFO: Unsupported notification method: $/setTrace
2022.07.31 20:49:03 WARN  no build target for: C:\Users\Isurika Arunodi\Documents\Uni docs\2nd year\2204-Functional Programming\Tutorials\Tutorial 4\Q1.scala
2022.07.31 20:49:06 WARN  no build target for: C:\Users\Isurika Arunodi\Documents\Uni docs\2nd year\2204-Functional Programming\Tutorials\Tutorial 4\Q1.scala
2022.07.31 20:49:09 WARN  no build target for: C:\Users\Isurika Arunodi\Documents\Uni docs\2nd year\2204-Functional Programming\Tutorials\Tutorial 4\Q1.scala
2022.07.31 20:49:14 WARN  no build target for: C:\Users\Isurika Arunodi\Documents\Uni docs\2nd year\2204-Functional Programming\Tutorials\Tutorial 4\Q1.scala
2022.07.31 20:49:20 WARN  no build target for: C:\Users\Isurika Arunodi\Documents\Uni docs\2nd year\2204-Functional Programming\Tutorials\Tutorial 4\Q1.scala
2022.07.31 20:49:23 WARN  no build target for: C:\Users\Isurika Arunodi\Documents\Uni docs\2nd year\2204-Functional Programming\Tutorials\Tutorial 4\Q1.scala
2022.07.31 20:49:25 WARN  no build target for: C:\Users\Isurika Arunodi\Documents\Uni docs\2nd year\2204-Functional Programming\Tutorials\Tutorial 4\Q1.scala
2022.07.31 20:49:27 WARN  no build target for: C:\Users\Isurika Arunodi\Documents\Uni docs\2nd year\2204-Functional Programming\Tutorials\Tutorial 4\Q1.scala
2022.07.31 20:49:29 WARN  no build target for: C:\Users\Isurika Arunodi\Documents\Uni docs\2nd year\2204-Functional Programming\Tutorials\Tutorial 4\Q1.scala
2022.07.31 20:49:30 WARN  no build target for: C:\Users\Isurika Arunodi\Documents\Uni docs\2nd year\2204-Functional Programming\Tutorials\Tutorial 4\Q1.scala
2022.07.31 20:49:32 WARN  no build target for: C:\Users\Isurika Arunodi\Documents\Uni docs\2nd year\2204-Functional Programming\Tutorials\Tutorial 4\Q1.scala
2022.07.31 20:49:35 WARN  no build target for: C:\Users\Isurika Arunodi\Documents\Uni docs\2nd year\2204-Functional Programming\Tutorials\Tutorial 4\Q1.scala
2022.07.31 20:49:41 WARN  no build target for: C:\Users\Isurika Arunodi\Documents\Uni docs\2nd year\2204-Functional Programming\Tutorials\Tutorial 4\Q1.scala
2022.07.31 20:49:42 WARN  no build target for: C:\Users\Isurika Arunodi\Documents\Uni docs\2nd year\2204-Functional Programming\Tutorials\Tutorial 4\Q1.scala
2022.07.31 20:49:43 WARN  no build target for: C:\Users\Isurika Arunodi\Documents\Uni docs\2nd year\2204-Functional Programming\Tutorials\Tutorial 4\Q1.scala
2022.07.31 20:49:44 WARN  no build target for: C:\Users\Isurika Arunodi\Documents\Uni docs\2nd year\2204-Functional Programming\Tutorials\Tutorial 4\Q1.scala
2022.07.31 20:49:49 WARN  no build target for: C:\Users\Isurika Arunodi\Documents\Uni docs\2nd year\2204-Functional Programming\Tutorials\Tutorial 4\Q1.scala
2022.07.31 20:49:52 WARN  no build target for: C:\Users\Isurika Arunodi\Documents\Uni docs\2nd year\2204-Functional Programming\Tutorials\Tutorial 4\Q1.scala
2022.07.31 20:49:54 WARN  no build target for: C:\Users\Isurika Arunodi\Documents\Uni docs\2nd year\2204-Functional Programming\Tutorials\Tutorial 4\Q1.scala
2022.07.31 20:49:57 WARN  no build target for: C:\Users\Isurika Arunodi\Documents\Uni docs\2nd year\2204-Functional Programming\Tutorials\Tutorial 4\Q1.scala
2022.07.31 20:49:58 WARN  no build target for: C:\Users\Isurika Arunodi\Documents\Uni docs\2nd year\2204-Functional Programming\Tutorials\Tutorial 4\Q1.scala
2022.07.31 20:50:02 WARN  no build target for: C:\Users\Isurika Arunodi\Documents\Uni docs\2nd year\2204-Functional Programming\Tutorials\Tutorial 4\Q1.scala
2022.07.31 20:50:03 WARN  no build target for: C:\Users\Isurika Arunodi\Documents\Uni docs\2nd year\2204-Functional Programming\Tutorials\Tutorial 4\Q1.scala
2022.07.31 20:50:05 WARN  no build target for: C:\Users\Isurika Arunodi\Documents\Uni docs\2nd year\2204-Functional Programming\Tutorials\Tutorial 4\Q1.scala
2022.07.31 20:50:25 WARN  no build target for: C:\Users\Isurika Arunodi\Documents\Uni docs\2nd year\2204-Functional Programming\Tutorials\Tutorial 4\Q1.scala
2022.07.31 20:50:27 WARN  no build target for: C:\Users\Isurika Arunodi\Documents\Uni docs\2nd year\2204-Functional Programming\Tutorials\Tutorial 4\Q1.scala
2022.07.31 20:50:28 WARN  no build target for: C:\Users\Isurika Arunodi\Documents\Uni docs\2nd year\2204-Functional Programming\Tutorials\Tutorial 4\Q1.scala
2022.07.31 20:50:31 WARN  no build target for: C:\Users\Isurika Arunodi\Documents\Uni docs\2nd year\2204-Functional Programming\Tutorials\Tutorial 4\Q1.scala
2022.07.31 20:50:33 WARN  no build target for: C:\Users\Isurika Arunodi\Documents\Uni docs\2nd year\2204-Functional Programming\Tutorials\Tutorial 4\Q1.scala
2022.07.31 20:50:35 WARN  no build target for: C:\Users\Isurika Arunodi\Documents\Uni docs\2nd year\2204-Functional Programming\Tutorials\Tutorial 4\Q1.scala
2022.07.31 20:50:41 WARN  no build target for: C:\Users\Isurika Arunodi\Documents\Uni docs\2nd year\2204-Functional Programming\Tutorials\Tutorial 4\Q1.scala
2022.07.31 20:51:18 WARN  no build target for: C:\Users\Isurika Arunodi\Documents\Uni docs\2nd year\2204-Functional Programming\Tutorials\Tutorial 4\Q1.scala
2022.07.31 20:51:20 WARN  no build target for: C:\Users\Isurika Arunodi\Documents\Uni docs\2nd year\2204-Functional Programming\Tutorials\Tutorial 4\Q1.scala
2022.07.31 20:51:22 WARN  no build target for: C:\Users\Isurika Arunodi\Documents\Uni docs\2nd year\2204-Functional Programming\Tutorials\Tutorial 4\Q1.scala
2022.07.31 20:51:23 WARN  no build target for: C:\Users\Isurika Arunodi\Documents\Uni docs\2nd year\2204-Functional Programming\Tutorials\Tutorial 4\Q1.scala
2022.07.31 20:51:25 WARN  no build target for: C:\Users\Isurika Arunodi\Documents\Uni docs\2nd year\2204-Functional Programming\Tutorials\Tutorial 4\Q1.scala
2022.07.31 20:51:27 WARN  no build target for: C:\Users\Isurika Arunodi\Documents\Uni docs\2nd year\2204-Functional Programming\Tutorials\Tutorial 4\Q1.scala
2022.07.31 20:51:40 WARN  no build target for: C:\Users\Isurika Arunodi\Documents\Uni docs\2nd year\2204-Functional Programming\Tutorials\Tutorial 2\Q1.scala
2022.07.31 20:51:52 WARN  no build target for: C:\Users\Isurika Arunodi\Documents\Uni docs\2nd year\2204-Functional Programming\Tutorials\Tutorial 2\Q4a.scala
Jul 31, 2022 8:52:00 PM scala.meta.internal.pc.CompilerAccess handleError
SEVERE: Toplevel definition i is defined in
  C:\Users\Isurika Arunodi\Documents\Uni docs\2nd year\2204-Functional Programming\Tutorials\Tutorial 2\Q1.scala
and also in
  C:\Users\Isurika Arunodi\Documents\Uni docs\2nd year\2204-Functional Programming\Tutorials\Tutorial 4\Q1.scala
One of these files should be removed from the classpath.
dotty.tools.dotc.core.TypeError: Toplevel definition i is defined in
  C:\Users\Isurika Arunodi\Documents\Uni docs\2nd year\2204-Functional Programming\Tutorials\Tutorial 2\Q1.scala
and also in
  C:\Users\Isurika Arunodi\Documents\Uni docs\2nd year\2204-Functional Programming\Tutorials\Tutorial 4\Q1.scala
One of these files should be removed from the classpath.
	at dotty.tools.dotc.core.SymDenotations$PackageClassDenotation.dropStale$1(SymDenotations.scala:2431)
	at dotty.tools.dotc.core.SymDenotations$PackageClassDenotation.recur$5(SymDenotations.scala:2395)
	at dotty.tools.dotc.core.SymDenotations$PackageClassDenotation.computeMembersNamed(SymDenotations.scala:2451)
	at dotty.tools.dotc.core.SymDenotations$ClassDenotation.membersNamed(SymDenotations.scala:2010)
	at dotty.tools.dotc.core.SymDenotations$ClassDenotation.findMember(SymDenotations.scala:2061)
	at dotty.tools.dotc.core.Types$Type.go$1(Types.scala:683)
	at dotty.tools.dotc.core.Types$Type.goThis$1(Types.scala:808)
	at dotty.tools.dotc.core.Types$Type.go$1(Types.scala:700)
	at dotty.tools.dotc.core.Types$Type.findMember(Types.scala:876)
	at dotty.tools.dotc.core.Types$Type.memberBasedOnFlags(Types.scala:666)
	at dotty.tools.dotc.core.Types$Type.member(Types.scala:650)
	at dotty.tools.dotc.core.Types$Type.allMembers$$anonfun$1(Types.scala:1017)
	at scala.runtime.function.JProcedure2.apply(JProcedure2.java:15)
	at scala.runtime.function.JProcedure2.apply(JProcedure2.java:10)
	at dotty.tools.dotc.core.Types$Type.memberDenots$$anonfun$1(Types.scala:922)
	at scala.runtime.function.JProcedure1.apply(JProcedure1.java:15)
	at scala.runtime.function.JProcedure1.apply(JProcedure1.java:10)
	at scala.collection.immutable.HashSet.foreach(HashSet.scala:937)
	at dotty.tools.dotc.core.Types$Type.memberDenots(Types.scala:922)
	at dotty.tools.dotc.core.Types$Type.allMembers(Types.scala:1017)
	at scala.meta.internal.pc.IndexedContext$.accesibleMembers$1(IndexedContext.scala:133)
	at scala.meta.internal.pc.IndexedContext$.scala$meta$internal$pc$IndexedContext$$$extractNames(IndexedContext.scala:188)
	at scala.meta.internal.pc.IndexedContext$LazyWrapper.<init>(IndexedContext.scala:83)
	at scala.meta.internal.pc.IndexedContext$.apply(IndexedContext.scala:71)
	at scala.meta.internal.pc.IndexedContext$LazyWrapper.<init>(IndexedContext.scala:82)
	at scala.meta.internal.pc.IndexedContext$.apply(IndexedContext.scala:71)
	at scala.meta.internal.pc.IndexedContext$LazyWrapper.<init>(IndexedContext.scala:82)
	at scala.meta.internal.pc.IndexedContext$.apply(IndexedContext.scala:71)
	at scala.meta.internal.pc.IndexedContext$LazyWrapper.<init>(IndexedContext.scala:82)
	at scala.meta.internal.pc.IndexedContext$.apply(IndexedContext.scala:71)
	at scala.meta.internal.pc.completions.CompletionsProvider.completions(CompletionsProvider.scala:56)

2022.07.31 20:52:02 WARN  no build target for: C:\Users\Isurika Arunodi\Documents\Uni docs\2nd year\2204-Functional Programming\Tutorials\Tutorial 4\Q1.scala
2022.07.31 20:52:03 WARN  no build target for: C:\Users\Isurika Arunodi\Documents\Uni docs\2nd year\2204-Functional Programming\Tutorials\Tutorial 4\Q1.scala
2022.07.31 20:52:07 WARN  no build target for: C:\Users\Isurika Arunodi\Documents\Uni docs\2nd year\2204-Functional Programming\Tutorials\Tutorial 4\Q1.scala
2022.07.31 20:52:08 WARN  no build target for: C:\Users\Isurika Arunodi\Documents\Uni docs\2nd year\2204-Functional Programming\Tutorials\Tutorial 4\Q1.scala
2022.07.31 20:52:09 WARN  no build target for: C:\Users\Isurika Arunodi\Documents\Uni docs\2nd year\2204-Functional Programming\Tutorials\Tutorial 4\Q1.scala
2022.07.31 20:52:15 WARN  no build target for: C:\Users\Isurika Arunodi\Documents\Uni docs\2nd year\2204-Functional Programming\Tutorials\Tutorial 4\Q1.scala
2022.07.31 20:52:27 WARN  no build target for: C:\Users\Isurika Arunodi\Documents\Uni docs\2nd year\2204-Functional Programming\Tutorials\Tutorial 4\Q1.scala
2022.07.31 20:52:29 WARN  no build target for: C:\Users\Isurika Arunodi\Documents\Uni docs\2nd year\2204-Functional Programming\Tutorials\Tutorial 4\Q1.scala
2022.07.31 20:52:32 WARN  no build target for: C:\Users\Isurika Arunodi\Documents\Uni docs\2nd year\2204-Functional Programming\Tutorials\Tutorial 4\Q1.scala
2022.07.31 20:52:36 WARN  no build target for: C:\Users\Isurika Arunodi\Documents\Uni docs\2nd year\2204-Functional Programming\Tutorials\Tutorial 4\Q1.scala
2022.07.31 20:52:38 WARN  no build target for: C:\Users\Isurika Arunodi\Documents\Uni docs\2nd year\2204-Functional Programming\Tutorials\Tutorial 4\Q1.scala
2022.07.31 20:52:42 WARN  no build target for: C:\Users\Isurika Arunodi\Documents\Uni docs\2nd year\2204-Functional Programming\Tutorials\Tutorial 4\Q1.scala
2022.07.31 20:52:48 WARN  no build target for: C:\Users\Isurika Arunodi\Documents\Uni docs\2nd year\2204-Functional Programming\Tutorials\Tutorial 4\Q1.scala
2022.07.31 20:52:50 WARN  no build target for: C:\Users\Isurika Arunodi\Documents\Uni docs\2nd year\2204-Functional Programming\Tutorials\Tutorial 4\Q1.scala
2022.07.31 20:52:51 WARN  no build target for: C:\Users\Isurika Arunodi\Documents\Uni docs\2nd year\2204-Functional Programming\Tutorials\Tutorial 4\Q1.scala
2022.07.31 20:53:02 WARN  no build target for: C:\Users\Isurika Arunodi\Documents\Uni docs\2nd year\2204-Functional Programming\Tutorials\Tutorial 4\Q1.scala
2022.07.31 20:53:04 WARN  no build target for: C:\Users\Isurika Arunodi\Documents\Uni docs\2nd year\2204-Functional Programming\Tutorials\Tutorial 4\Q1.scala
2022.07.31 20:53:06 WARN  no build target for: C:\Users\Isurika Arunodi\Documents\Uni docs\2nd year\2204-Functional Programming\Tutorials\Tutorial 4\Q1.scala
2022.07.31 20:53:08 WARN  no build target for: C:\Users\Isurika Arunodi\Documents\Uni docs\2nd year\2204-Functional Programming\Tutorials\Tutorial 4\Q1.scala
2022.07.31 20:53:16 WARN  no build target for: C:\Users\Isurika Arunodi\Documents\Uni docs\2nd year\2204-Functional Programming\Tutorials\Tutorial 4\Q1.scala
2022.07.31 20:53:17 WARN  no build target for: C:\Users\Isurika Arunodi\Documents\Uni docs\2nd year\2204-Functional Programming\Tutorials\Tutorial 4\Q1.scala
2022.07.31 20:53:21 WARN  no build target for: C:\Users\Isurika Arunodi\Documents\Uni docs\2nd year\2204-Functional Programming\Tutorials\Tutorial 4\Q1.scala
2022.07.31 20:53:37 WARN  no build target for: C:\Users\Isurika Arunodi\Documents\Uni docs\2nd year\2204-Functional Programming\Tutorials\Tutorial 4\Q1.scala
2022.07.31 20:53:58 WARN  no build target for: C:\Users\Isurika Arunodi\Documents\Uni docs\2nd year\2204-Functional Programming\Tutorials\Tutorial 4\Q1.scala
2022.07.31 20:54:00 WARN  no build target for: C:\Users\Isurika Arunodi\Documents\Uni docs\2nd year\2204-Functional Programming\Tutorials\Tutorial 4\Q1.scala
2022.07.31 20:55:09 WARN  no build target for: C:\Users\Isurika Arunodi\Documents\Uni docs\2nd year\2204-Functional Programming\Tutorials\Tutorial 4\Q1.scala
2022.07.31 20:55:16 WARN  no build target for: C:\Users\Isurika Arunodi\Documents\Uni docs\2nd year\2204-Functional Programming\Tutorials\Tutorial 4\Q1.scala
2022.07.31 20:55:18 WARN  no build target for: C:\Users\Isurika Arunodi\Documents\Uni docs\2nd year\2204-Functional Programming\Tutorials\Tutorial 4\Q1.scala
2022.07.31 20:55:21 WARN  no build target for: C:\Users\Isurika Arunodi\Documents\Uni docs\2nd year\2204-Functional Programming\Tutorials\Tutorial 4\Q1.scala
2022.07.31 20:55:27 WARN  no build target for: C:\Users\Isurika Arunodi\Documents\Uni docs\2nd year\2204-Functional Programming\Tutorials\Tutorial 4\Q1.scala
2022.07.31 20:55:29 WARN  no build target for: C:\Users\Isurika Arunodi\Documents\Uni docs\2nd year\2204-Functional Programming\Tutorials\Tutorial 4\Q1.scala
2022.07.31 20:55:30 WARN  no build target for: C:\Users\Isurika Arunodi\Documents\Uni docs\2nd year\2204-Functional Programming\Tutorials\Tutorial 4\Q1.scala
2022.07.31 20:55:33 WARN  no build target for: C:\Users\Isurika Arunodi\Documents\Uni docs\2nd year\2204-Functional Programming\Tutorials\Tutorial 4\Q1.scala
2022.07.31 20:55:58 WARN  no build target for: C:\Users\Isurika Arunodi\Documents\Uni docs\2nd year\2204-Functional Programming\Tutorials\Tutorial 4\Q1.scala
2022.07.31 20:56:00 WARN  no build target for: C:\Users\Isurika Arunodi\Documents\Uni docs\2nd year\2204-Functional Programming\Tutorials\Tutorial 4\Q1.scala
2022.07.31 20:56:02 WARN  no build target for: C:\Users\Isurika Arunodi\Documents\Uni docs\2nd year\2204-Functional Programming\Tutorials\Tutorial 4\Q1.scala
2022.07.31 20:56:13 WARN  no build target for: C:\Users\Isurika Arunodi\Documents\Uni docs\2nd year\2204-Functional Programming\Tutorials\Tutorial 4\Q1.scala
2022.07.31 20:56:15 WARN  no build target for: C:\Users\Isurika Arunodi\Documents\Uni docs\2nd year\2204-Functional Programming\Tutorials\Tutorial 4\Q1.scala
2022.07.31 20:56:28 WARN  no build target for: C:\Users\Isurika Arunodi\Documents\Uni docs\2nd year\2204-Functional Programming\Tutorials\Tutorial 4\Q1.scala
2022.07.31 20:56:32 WARN  no build target for: C:\Users\Isurika Arunodi\Documents\Uni docs\2nd year\2204-Functional Programming\Tutorials\Tutorial 4\Q1.scala
2022.07.31 20:56:36 WARN  no build target for: C:\Users\Isurika Arunodi\Documents\Uni docs\2nd year\2204-Functional Programming\Tutorials\Tutorial 4\Q1.scala
2022.07.31 20:56:38 WARN  no build target for: C:\Users\Isurika Arunodi\Documents\Uni docs\2nd year\2204-Functional Programming\Tutorials\Tutorial 4\Q1.scala
2022.07.31 20:56:42 WARN  no build target for: C:\Users\Isurika Arunodi\Documents\Uni docs\2nd year\2204-Functional Programming\Tutorials\Tutorial 4\Q1.scala
2022.07.31 20:56:45 WARN  no build target for: C:\Users\Isurika Arunodi\Documents\Uni docs\2nd year\2204-Functional Programming\Tutorials\Tutorial 4\Q1.scala
2022.07.31 20:57:17 WARN  no build target for: C:\Users\Isurika Arunodi\Documents\Uni docs\2nd year\2204-Functional Programming\Tutorials\Tutorial 4\Q1.scala
2022.07.31 20:57:19 WARN  no build target for: C:\Users\Isurika Arunodi\Documents\Uni docs\2nd year\2204-Functional Programming\Tutorials\Tutorial 4\Q1.scala
2022.07.31 22:33:18 INFO  shutting down Metals
2022.07.31 22:33:42 INFO  tracing is disabled for protocol LSP, to enable tracing of incoming and outgoing JSON messages create an empty file at c:\Users\Isurika Arunodi\Documents\Uni docs\2nd year\2204-Functional Programming\Tutorials\Tutorial 4\.metals\lsp.trace.json or C:\Users\Isurika Arunodi\AppData\Local\scalameta\metals\cache\lsp.trace.json
2022.07.31 22:33:43 INFO  logging to file C:\Users\Isurika Arunodi\Documents\Uni docs\2nd year\2204-Functional Programming\Tutorials\Tutorial 4\.metals\metals.log
2022.07.31 22:33:43 INFO  Started: Metals version 0.11.7 in workspace 'C:\Users\Isurika Arunodi\Documents\Uni docs\2nd year\2204-Functional Programming\Tutorials\Tutorial 4' for client Visual Studio Code 1.69.2.
2022.07.31 22:33:44 INFO  time: initialize in 0.75s
2022.07.31 22:33:44 WARN  Flyway upgrade recommended: H2 2.1.214 is newer than this version of Flyway and support has not been tested. The latest supported version of H2 is 2.1.210.
2022.07.31 22:33:44 WARN  Build server is not auto-connectable.
2022.07.31 22:33:44 WARN  no build tool detected in workspace 'C:\Users\Isurika Arunodi\Documents\Uni docs\2nd year\2204-Functional Programming\Tutorials\Tutorial 4'. The most common cause for this problem is that the editor was opened in the wrong working directory, for example if you use sbt then the workspace directory should contain build.sbt. 
2022.07.31 22:38:21 WARN  no build target for: C:\Users\Isurika Arunodi\Documents\Uni docs\2nd year\2204-Functional Programming\Tutorials\Tutorial 4\Q1.scala
2022.07.31 22:38:24 INFO  no build target found for C:\Users\Isurika Arunodi\Documents\Uni docs\2nd year\2204-Functional Programming\Tutorials\Tutorial 4\Q1.scala. Using presentation compiler with project's scala-library version: 3.1.3
2022.07.31 22:38:25 INFO  time: code lens generation in 4.14s
2022.07.31 22:42:03 WARN  no build target for: C:\Users\Isurika Arunodi\Documents\Uni docs\2nd year\2204-Functional Programming\Tutorials\Tutorial 4\Q2.scala
2022.07.31 22:42:35 INFO  shutting down Metals
2022.07.31 22:42:50 INFO  tracing is disabled for protocol LSP, to enable tracing of incoming and outgoing JSON messages create an empty file at c:\Users\Isurika Arunodi\Documents\Uni docs\2nd year\2204-Functional Programming\Tutorials\Tutorial 4\.metals\lsp.trace.json or C:\Users\Isurika Arunodi\AppData\Local\scalameta\metals\cache\lsp.trace.json
2022.07.31 22:42:51 INFO  logging to file C:\Users\Isurika Arunodi\Documents\Uni docs\2nd year\2204-Functional Programming\Tutorials\Tutorial 4\.metals\metals.log
2022.07.31 22:42:51 INFO  Started: Metals version 0.11.7 in workspace 'C:\Users\Isurika Arunodi\Documents\Uni docs\2nd year\2204-Functional Programming\Tutorials\Tutorial 4' for client Visual Studio Code 1.69.2.
2022.07.31 22:42:52 INFO  time: initialize in 0.91s
2022.07.31 22:42:52 WARN  Flyway upgrade recommended: H2 2.1.214 is newer than this version of Flyway and support has not been tested. The latest supported version of H2 is 2.1.210.
2022.07.31 22:42:52 WARN  Build server is not auto-connectable.
2022.07.31 22:42:52 WARN  no build tool detected in workspace 'C:\Users\Isurika Arunodi\Documents\Uni docs\2nd year\2204-Functional Programming\Tutorials\Tutorial 4'. The most common cause for this problem is that the editor was opened in the wrong working directory, for example if you use sbt then the workspace directory should contain build.sbt. 
2022.07.31 22:42:55 WARN  no build target for: C:\Users\Isurika Arunodi\Documents\Uni docs\2nd year\2204-Functional Programming\Tutorials\Tutorial 4\Q2.scala
2022.07.31 22:42:59 INFO  no build target found for C:\Users\Isurika Arunodi\Documents\Uni docs\2nd year\2204-Functional Programming\Tutorials\Tutorial 4\Q2.scala. Using presentation compiler with project's scala-library version: 3.1.3
2022.07.31 22:43:00 INFO  time: code lens generation in 4.94s
2022.07.31 22:43:11 WARN  no build target for: C:\Users\Isurika Arunodi\Documents\Uni docs\2nd year\2204-Functional Programming\Tutorials\Tutorial 4\Q1.scala
Jul 31, 2022 10:43:12 PM org.eclipse.lsp4j.jsonrpc.RemoteEndpoint handleCancellation
WARNING: Unmatched cancel notification for request id 5
2022.07.31 22:43:29 WARN  no build target for: C:\Users\Isurika Arunodi\Documents\Uni docs\2nd year\2204-Functional Programming\Tutorials\Tutorial 4\Q2.scala
2022.07.31 22:43:57 WARN  no build target for: C:\Users\Isurika Arunodi\Documents\Uni docs\2nd year\2204-Functional Programming\Tutorials\Tutorial 4\Q3.scala
2022.07.31 22:44:19 WARN  no build target for: C:\Users\Isurika Arunodi\Documents\Uni docs\2nd year\2204-Functional Programming\Tutorials\Tutorial 4\Q2.scala
2022.07.31 22:44:19 WARN  no build target for: C:\Users\Isurika Arunodi\Documents\Uni docs\2nd year\2204-Functional Programming\Tutorials\Tutorial 4\Q2.scala
2022.07.31 22:45:33 WARN  no build target for: C:\Users\Isurika Arunodi\Documents\Uni docs\2nd year\2204-Functional Programming\Tutorials\Tutorial 4\Q2.scala
2022.07.31 22:45:38 WARN  no build target for: C:\Users\Isurika Arunodi\Documents\Uni docs\2nd year\2204-Functional Programming\Tutorials\Tutorial 4\Q2.scala
2022.07.31 22:45:41 WARN  no build target for: C:\Users\Isurika Arunodi\Documents\Uni docs\2nd year\2204-Functional Programming\Tutorials\Tutorial 4\Q2.scala
2022.07.31 22:45:42 WARN  no build target for: C:\Users\Isurika Arunodi\Documents\Uni docs\2nd year\2204-Functional Programming\Tutorials\Tutorial 4\Q2.scala
2022.07.31 22:45:47 WARN  no build target for: C:\Users\Isurika Arunodi\Documents\Uni docs\2nd year\2204-Functional Programming\Tutorials\Tutorial 4\Q2.scala
2022.07.31 22:45:50 WARN  no build target for: C:\Users\Isurika Arunodi\Documents\Uni docs\2nd year\2204-Functional Programming\Tutorials\Tutorial 4\Q2.scala
2022.07.31 22:45:51 WARN  no build target for: C:\Users\Isurika Arunodi\Documents\Uni docs\2nd year\2204-Functional Programming\Tutorials\Tutorial 4\Q2.scala
2022.07.31 22:45:55 WARN  no build target for: C:\Users\Isurika Arunodi\Documents\Uni docs\2nd year\2204-Functional Programming\Tutorials\Tutorial 4\Q2.scala
Jul 31, 2022 10:45:57 PM scala.meta.internal.pc.CompilerAccess handleError
SEVERE: Toplevel definition main is defined in
  C:\Users\Isurika Arunodi\Documents\Uni docs\2nd year\2204-Functional Programming\Tutorials\Tutorial 4\Q3.scala
and also in
  C:\Users\Isurika Arunodi\Documents\Uni docs\2nd year\2204-Functional Programming\Tutorials\Tutorial 4\Q2.scala
One of these files should be removed from the classpath.
dotty.tools.dotc.core.TypeError: Toplevel definition main is defined in
  C:\Users\Isurika Arunodi\Documents\Uni docs\2nd year\2204-Functional Programming\Tutorials\Tutorial 4\Q3.scala
and also in
  C:\Users\Isurika Arunodi\Documents\Uni docs\2nd year\2204-Functional Programming\Tutorials\Tutorial 4\Q2.scala
One of these files should be removed from the classpath.
	at dotty.tools.dotc.core.SymDenotations$PackageClassDenotation.dropStale$1(SymDenotations.scala:2431)
	at dotty.tools.dotc.core.SymDenotations$PackageClassDenotation.recur$5(SymDenotations.scala:2395)
	at dotty.tools.dotc.core.SymDenotations$PackageClassDenotation.computeMembersNamed(SymDenotations.scala:2451)
	at dotty.tools.dotc.core.SymDenotations$ClassDenotation.membersNamed(SymDenotations.scala:2010)
	at dotty.tools.dotc.core.SymDenotations$ClassDenotation.findMember(SymDenotations.scala:2061)
	at dotty.tools.dotc.core.Types$Type.go$1(Types.scala:683)
	at dotty.tools.dotc.core.Types$Type.goThis$1(Types.scala:808)
	at dotty.tools.dotc.core.Types$Type.go$1(Types.scala:700)
	at dotty.tools.dotc.core.Types$Type.findMember(Types.scala:876)
	at dotty.tools.dotc.core.Types$Type.memberBasedOnFlags(Types.scala:666)
	at dotty.tools.dotc.core.Types$Type.member(Types.scala:650)
	at dotty.tools.dotc.core.Types$Type.allMembers$$anonfun$1(Types.scala:1017)
	at scala.runtime.function.JProcedure2.apply(JProcedure2.java:15)
	at scala.runtime.function.JProcedure2.apply(JProcedure2.java:10)
	at dotty.tools.dotc.core.Types$Type.memberDenots$$anonfun$1(Types.scala:922)
	at scala.runtime.function.JProcedure1.apply(JProcedure1.java:15)
	at scala.runtime.function.JProcedure1.apply(JProcedure1.java:10)
	at scala.collection.immutable.BitmapIndexedSetNode.foreach(HashSet.scala:937)
	at scala.collection.immutable.HashSet.foreach(HashSet.scala:944)
	at dotty.tools.dotc.core.Types$Type.memberDenots(Types.scala:922)
	at dotty.tools.dotc.core.Types$Type.allMembers(Types.scala:1017)
	at scala.meta.internal.pc.IndexedContext$.accesibleMembers$1(IndexedContext.scala:133)
	at scala.meta.internal.pc.IndexedContext$.scala$meta$internal$pc$IndexedContext$$$extractNames(IndexedContext.scala:188)
	at scala.meta.internal.pc.IndexedContext$LazyWrapper.<init>(IndexedContext.scala:83)
	at scala.meta.internal.pc.IndexedContext$.apply(IndexedContext.scala:71)
	at scala.meta.internal.pc.IndexedContext$LazyWrapper.<init>(IndexedContext.scala:82)
	at scala.meta.internal.pc.IndexedContext$.apply(IndexedContext.scala:71)
	at scala.meta.internal.pc.IndexedContext$LazyWrapper.<init>(IndexedContext.scala:82)
	at scala.meta.internal.pc.IndexedContext$.apply(IndexedContext.scala:71)
	at scala.meta.internal.pc.IndexedContext$LazyWrapper.<init>(IndexedContext.scala:82)
	at scala.meta.internal.pc.IndexedContext$.apply(IndexedContext.scala:71)
	at scala.meta.internal.pc.IndexedContext$LazyWrapper.<init>(IndexedContext.scala:82)
	at scala.meta.internal.pc.IndexedContext$.apply(IndexedContext.scala:71)
	at scala.meta.internal.pc.IndexedContext$LazyWrapper.<init>(IndexedContext.scala:82)
	at scala.meta.internal.pc.IndexedContext$.apply(IndexedContext.scala:71)
	at scala.meta.internal.pc.completions.CompletionsProvider.completions(CompletionsProvider.scala:56)

2022.07.31 22:46:00 WARN  no build target for: C:\Users\Isurika Arunodi\Documents\Uni docs\2nd year\2204-Functional Programming\Tutorials\Tutorial 4\Q2.scala
2022.07.31 22:46:01 WARN  no build target for: C:\Users\Isurika Arunodi\Documents\Uni docs\2nd year\2204-Functional Programming\Tutorials\Tutorial 4\Q2.scala
2022.07.31 22:46:02 WARN  no build target for: C:\Users\Isurika Arunodi\Documents\Uni docs\2nd year\2204-Functional Programming\Tutorials\Tutorial 4\Q2.scala
2022.07.31 22:46:04 WARN  no build target for: C:\Users\Isurika Arunodi\Documents\Uni docs\2nd year\2204-Functional Programming\Tutorials\Tutorial 4\Q2.scala
2022.07.31 22:46:06 WARN  no build target for: C:\Users\Isurika Arunodi\Documents\Uni docs\2nd year\2204-Functional Programming\Tutorials\Tutorial 4\Q2.scala
2022.07.31 22:46:07 WARN  no build target for: C:\Users\Isurika Arunodi\Documents\Uni docs\2nd year\2204-Functional Programming\Tutorials\Tutorial 4\Q2.scala
2022.07.31 22:46:12 WARN  no build target for: C:\Users\Isurika Arunodi\Documents\Uni docs\2nd year\2204-Functional Programming\Tutorials\Tutorial 4\Q2.scala
2022.07.31 22:46:13 WARN  no build target for: C:\Users\Isurika Arunodi\Documents\Uni docs\2nd year\2204-Functional Programming\Tutorials\Tutorial 4\Q2.scala
2022.07.31 22:46:23 WARN  no build target for: C:\Users\Isurika Arunodi\Documents\Uni docs\2nd year\2204-Functional Programming\Tutorials\Tutorial 4\Q2.scala
2022.07.31 22:46:35 WARN  no build target for: C:\Users\Isurika Arunodi\Documents\Uni docs\2nd year\2204-Functional Programming\Tutorials\Tutorial 4\Q1.scala
2022.07.31 22:46:46 WARN  no build target for: C:\Users\Isurika Arunodi\Documents\Uni docs\2nd year\2204-Functional Programming\Tutorials\Tutorial 4\Q2.scala
2022.07.31 22:47:23 WARN  no build target for: C:\Users\Isurika Arunodi\Documents\Uni docs\2nd year\2204-Functional Programming\Tutorials\Tutorial 4\Q3.scala
2022.07.31 22:52:09 WARN  no build target for: C:\Users\Isurika Arunodi\Documents\Uni docs\2nd year\2204-Functional Programming\Tutorials\Tutorial 4\Q1.scala
2022.07.31 22:52:10 WARN  no build target for: C:\Users\Isurika Arunodi\Documents\Uni docs\2nd year\2204-Functional Programming\Tutorials\Tutorial 4\Q2.scala
2022.07.31 22:52:40 WARN  no build target for: C:\Users\Isurika Arunodi\Documents\Uni docs\2nd year\2204-Functional Programming\Tutorials\Tutorial 4\Q3.scala
2022.07.31 22:52:41 WARN  no build target for: C:\Users\Isurika Arunodi\Documents\Uni docs\2nd year\2204-Functional Programming\Tutorials\Tutorial 4\Q3.scala
2022.07.31 22:53:03 WARN  no build target for: C:\Users\Isurika Arunodi\Documents\Uni docs\2nd year\2204-Functional Programming\Tutorials\Tutorial 4\Q3.scala
2022.07.31 22:53:06 WARN  no build target for: C:\Users\Isurika Arunodi\Documents\Uni docs\2nd year\2204-Functional Programming\Tutorials\Tutorial 4\Q3.scala
2022.07.31 22:53:09 WARN  no build target for: C:\Users\Isurika Arunodi\Documents\Uni docs\2nd year\2204-Functional Programming\Tutorials\Tutorial 4\Q3.scala
2022.07.31 22:53:13 WARN  no build target for: C:\Users\Isurika Arunodi\Documents\Uni docs\2nd year\2204-Functional Programming\Tutorials\Tutorial 4\Q3.scala
2022.07.31 22:53:17 WARN  no build target for: C:\Users\Isurika Arunodi\Documents\Uni docs\2nd year\2204-Functional Programming\Tutorials\Tutorial 4\Q3.scala
2022.07.31 22:53:18 WARN  no build target for: C:\Users\Isurika Arunodi\Documents\Uni docs\2nd year\2204-Functional Programming\Tutorials\Tutorial 4\Q3.scala
2022.07.31 23:02:35 WARN  no build target for: C:\Users\Isurika Arunodi\Documents\Uni docs\2nd year\2204-Functional Programming\Tutorials\Tutorial 4\Q3.scala
2022.07.31 23:02:44 WARN  no build target for: C:\Users\Isurika Arunodi\Documents\Uni docs\2nd year\2204-Functional Programming\Tutorials\Tutorial 4\Q3.scala
2022.07.31 23:02:47 WARN  no build target for: C:\Users\Isurika Arunodi\Documents\Uni docs\2nd year\2204-Functional Programming\Tutorials\Tutorial 4\Q3.scala
2022.07.31 23:02:49 WARN  no build target for: C:\Users\Isurika Arunodi\Documents\Uni docs\2nd year\2204-Functional Programming\Tutorials\Tutorial 4\Q3.scala
2022.07.31 23:02:50 WARN  no build target for: C:\Users\Isurika Arunodi\Documents\Uni docs\2nd year\2204-Functional Programming\Tutorials\Tutorial 4\Q3.scala
2022.07.31 23:02:52 WARN  no build target for: C:\Users\Isurika Arunodi\Documents\Uni docs\2nd year\2204-Functional Programming\Tutorials\Tutorial 4\Q3.scala
2022.07.31 23:02:54 WARN  no build target for: C:\Users\Isurika Arunodi\Documents\Uni docs\2nd year\2204-Functional Programming\Tutorials\Tutorial 4\Q3.scala
2022.07.31 23:02:56 WARN  no build target for: C:\Users\Isurika Arunodi\Documents\Uni docs\2nd year\2204-Functional Programming\Tutorials\Tutorial 4\Q3.scala
2022.07.31 23:02:58 WARN  no build target for: C:\Users\Isurika Arunodi\Documents\Uni docs\2nd year\2204-Functional Programming\Tutorials\Tutorial 4\Q3.scala
2022.07.31 23:06:15 WARN  no build target for: C:\Users\Isurika Arunodi\Documents\Uni docs\2nd year\2204-Functional Programming\Tutorials\Tutorial 4\Q3.scala
2022.07.31 23:06:19 WARN  no build target for: C:\Users\Isurika Arunodi\Documents\Uni docs\2nd year\2204-Functional Programming\Tutorials\Tutorial 4\Q3.scala
2022.07.31 23:06:24 WARN  no build target for: C:\Users\Isurika Arunodi\Documents\Uni docs\2nd year\2204-Functional Programming\Tutorials\Tutorial 4\Q3.scala
2022.07.31 23:06:25 WARN  no build target for: C:\Users\Isurika Arunodi\Documents\Uni docs\2nd year\2204-Functional Programming\Tutorials\Tutorial 4\Q3.scala
2022.07.31 23:06:32 WARN  no build target for: C:\Users\Isurika Arunodi\Documents\Uni docs\2nd year\2204-Functional Programming\Tutorials\Tutorial 4\Q3.scala
2022.07.31 23:06:34 WARN  no build target for: C:\Users\Isurika Arunodi\Documents\Uni docs\2nd year\2204-Functional Programming\Tutorials\Tutorial 4\Q3.scala
2022.07.31 23:06:38 WARN  no build target for: C:\Users\Isurika Arunodi\Documents\Uni docs\2nd year\2204-Functional Programming\Tutorials\Tutorial 4\Q3.scala
2022.07.31 23:06:43 WARN  no build target for: C:\Users\Isurika Arunodi\Documents\Uni docs\2nd year\2204-Functional Programming\Tutorials\Tutorial 4\Q3.scala
2022.07.31 23:06:47 WARN  no build target for: C:\Users\Isurika Arunodi\Documents\Uni docs\2nd year\2204-Functional Programming\Tutorials\Tutorial 4\Q3.scala
2022.07.31 23:10:47 WARN  no build target for: C:\Users\Isurika Arunodi\Documents\Uni docs\2nd year\2204-Functional Programming\Tutorials\Tutorial 4\Q3.scala
2022.07.31 23:10:48 WARN  no build target for: C:\Users\Isurika Arunodi\Documents\Uni docs\2nd year\2204-Functional Programming\Tutorials\Tutorial 4\Q3.scala
2022.07.31 23:10:50 WARN  no build target for: C:\Users\Isurika Arunodi\Documents\Uni docs\2nd year\2204-Functional Programming\Tutorials\Tutorial 4\Q3.scala
2022.07.31 23:10:51 WARN  no build target for: C:\Users\Isurika Arunodi\Documents\Uni docs\2nd year\2204-Functional Programming\Tutorials\Tutorial 4\Q3.scala
2022.07.31 23:10:54 WARN  no build target for: C:\Users\Isurika Arunodi\Documents\Uni docs\2nd year\2204-Functional Programming\Tutorials\Tutorial 4\Q3.scala
2022.07.31 23:10:57 WARN  no build target for: C:\Users\Isurika Arunodi\Documents\Uni docs\2nd year\2204-Functional Programming\Tutorials\Tutorial 4\Q3.scala
2022.07.31 23:11:01 WARN  no build target for: C:\Users\Isurika Arunodi\Documents\Uni docs\2nd year\2204-Functional Programming\Tutorials\Tutorial 4\Q3.scala
2022.07.31 23:11:03 WARN  no build target for: C:\Users\Isurika Arunodi\Documents\Uni docs\2nd year\2204-Functional Programming\Tutorials\Tutorial 4\Q3.scala
2022.07.31 23:11:05 WARN  no build target for: C:\Users\Isurika Arunodi\Documents\Uni docs\2nd year\2204-Functional Programming\Tutorials\Tutorial 4\Q3.scala
2022.07.31 23:11:17 WARN  no build target for: C:\Users\Isurika Arunodi\Documents\Uni docs\2nd year\2204-Functional Programming\Tutorials\Tutorial 4\Q3.scala
2022.07.31 23:11:19 WARN  no build target for: C:\Users\Isurika Arunodi\Documents\Uni docs\2nd year\2204-Functional Programming\Tutorials\Tutorial 4\Q3.scala
2022.07.31 23:11:22 WARN  no build target for: C:\Users\Isurika Arunodi\Documents\Uni docs\2nd year\2204-Functional Programming\Tutorials\Tutorial 4\Q3.scala
2022.07.31 23:11:34 WARN  no build target for: C:\Users\Isurika Arunodi\Documents\Uni docs\2nd year\2204-Functional Programming\Tutorials\Tutorial 4\Q3.scala
2022.07.31 23:11:35 WARN  no build target for: C:\Users\Isurika Arunodi\Documents\Uni docs\2nd year\2204-Functional Programming\Tutorials\Tutorial 4\Q3.scala
2022.07.31 23:12:08 WARN  no build target for: C:\Users\Isurika Arunodi\Documents\Uni docs\2nd year\2204-Functional Programming\Tutorials\Tutorial 4\Q3.scala
2022.07.31 23:12:16 WARN  no build target for: C:\Users\Isurika Arunodi\Documents\Uni docs\2nd year\2204-Functional Programming\Tutorials\Tutorial 4\Q3.scala
2022.07.31 23:12:20 WARN  no build target for: C:\Users\Isurika Arunodi\Documents\Uni docs\2nd year\2204-Functional Programming\Tutorials\Tutorial 4\Q3.scala
2022.07.31 23:12:21 WARN  no build target for: C:\Users\Isurika Arunodi\Documents\Uni docs\2nd year\2204-Functional Programming\Tutorials\Tutorial 4\Q3.scala
2022.07.31 23:12:24 WARN  no build target for: C:\Users\Isurika Arunodi\Documents\Uni docs\2nd year\2204-Functional Programming\Tutorials\Tutorial 4\Q3.scala
2022.07.31 23:12:26 WARN  no build target for: C:\Users\Isurika Arunodi\Documents\Uni docs\2nd year\2204-Functional Programming\Tutorials\Tutorial 4\Q3.scala
2022.07.31 23:12:32 WARN  no build target for: C:\Users\Isurika Arunodi\Documents\Uni docs\2nd year\2204-Functional Programming\Tutorials\Tutorial 4\Q3.scala
2022.07.31 23:12:34 WARN  no build target for: C:\Users\Isurika Arunodi\Documents\Uni docs\2nd year\2204-Functional Programming\Tutorials\Tutorial 4\Q3.scala
2022.07.31 23:12:37 WARN  no build target for: C:\Users\Isurika Arunodi\Documents\Uni docs\2nd year\2204-Functional Programming\Tutorials\Tutorial 4\Q3.scala
2022.07.31 23:12:38 WARN  no build target for: C:\Users\Isurika Arunodi\Documents\Uni docs\2nd year\2204-Functional Programming\Tutorials\Tutorial 4\Q3.scala
2022.07.31 23:12:41 WARN  no build target for: C:\Users\Isurika Arunodi\Documents\Uni docs\2nd year\2204-Functional Programming\Tutorials\Tutorial 4\Q3.scala
2022.07.31 23:12:47 WARN  no build target for: C:\Users\Isurika Arunodi\Documents\Uni docs\2nd year\2204-Functional Programming\Tutorials\Tutorial 4\Q3.scala
2022.07.31 23:12:49 WARN  no build target for: C:\Users\Isurika Arunodi\Documents\Uni docs\2nd year\2204-Functional Programming\Tutorials\Tutorial 4\Q3.scala
2022.07.31 23:12:51 WARN  no build target for: C:\Users\Isurika Arunodi\Documents\Uni docs\2nd year\2204-Functional Programming\Tutorials\Tutorial 4\Q3.scala
2022.07.31 23:12:55 WARN  no build target for: C:\Users\Isurika Arunodi\Documents\Uni docs\2nd year\2204-Functional Programming\Tutorials\Tutorial 4\Q3.scala
2022.07.31 23:12:56 WARN  no build target for: C:\Users\Isurika Arunodi\Documents\Uni docs\2nd year\2204-Functional Programming\Tutorials\Tutorial 4\Q3.scala
2022.07.31 23:12:58 WARN  no build target for: C:\Users\Isurika Arunodi\Documents\Uni docs\2nd year\2204-Functional Programming\Tutorials\Tutorial 4\Q3.scala
2022.07.31 23:13:00 WARN  no build target for: C:\Users\Isurika Arunodi\Documents\Uni docs\2nd year\2204-Functional Programming\Tutorials\Tutorial 4\Q3.scala
2022.07.31 23:13:01 WARN  no build target for: C:\Users\Isurika Arunodi\Documents\Uni docs\2nd year\2204-Functional Programming\Tutorials\Tutorial 4\Q3.scala
2022.07.31 23:13:03 WARN  no build target for: C:\Users\Isurika Arunodi\Documents\Uni docs\2nd year\2204-Functional Programming\Tutorials\Tutorial 4\Q3.scala
2022.07.31 23:13:04 WARN  no build target for: C:\Users\Isurika Arunodi\Documents\Uni docs\2nd year\2204-Functional Programming\Tutorials\Tutorial 4\Q3.scala
2022.07.31 23:13:09 WARN  no build target for: C:\Users\Isurika Arunodi\Documents\Uni docs\2nd year\2204-Functional Programming\Tutorials\Tutorial 4\Q3.scala
2022.07.31 23:13:16 WARN  no build target for: C:\Users\Isurika Arunodi\Documents\Uni docs\2nd year\2204-Functional Programming\Tutorials\Tutorial 4\Q3.scala
2022.07.31 23:13:22 WARN  no build target for: C:\Users\Isurika Arunodi\Documents\Uni docs\2nd year\2204-Functional Programming\Tutorials\Tutorial 4\Q3.scala
2022.07.31 23:15:06 WARN  no build target for: C:\Users\Isurika Arunodi\Documents\Uni docs\2nd year\2204-Functional Programming\Tutorials\Tutorial 4\Q3.scala
2022.07.31 23:15:08 WARN  no build target for: C:\Users\Isurika Arunodi\Documents\Uni docs\2nd year\2204-Functional Programming\Tutorials\Tutorial 4\Q3.scala
2022.07.31 23:15:10 WARN  no build target for: C:\Users\Isurika Arunodi\Documents\Uni docs\2nd year\2204-Functional Programming\Tutorials\Tutorial 4\Q3.scala
2022.07.31 23:15:12 WARN  no build target for: C:\Users\Isurika Arunodi\Documents\Uni docs\2nd year\2204-Functional Programming\Tutorials\Tutorial 4\Q3.scala
2022.07.31 23:42:42 INFO  shutting down Metals
2022.08.01 08:50:52 INFO  tracing is disabled for protocol LSP, to enable tracing of incoming and outgoing JSON messages create an empty file at c:\Users\Isurika Arunodi\Documents\Uni docs\2nd year\2204-Functional Programming\Tutorials\Tutorial 4\.metals\lsp.trace.json or C:\Users\Isurika Arunodi\AppData\Local\scalameta\metals\cache\lsp.trace.json
2022.08.01 08:50:53 INFO  logging to file C:\Users\Isurika Arunodi\Documents\Uni docs\2nd year\2204-Functional Programming\Tutorials\Tutorial 4\.metals\metals.log
2022.08.01 08:50:53 INFO  Started: Metals version 0.11.7 in workspace 'C:\Users\Isurika Arunodi\Documents\Uni docs\2nd year\2204-Functional Programming\Tutorials\Tutorial 4' for client Visual Studio Code 1.69.2.
2022.08.01 08:50:54 INFO  time: initialize in 0.79s
2022.08.01 08:50:54 WARN  Flyway upgrade recommended: H2 2.1.214 is newer than this version of Flyway and support has not been tested. The latest supported version of H2 is 2.1.210.
2022.08.01 08:50:54 WARN  Build server is not auto-connectable.
2022.08.01 08:50:54 WARN  no build tool detected in workspace 'C:\Users\Isurika Arunodi\Documents\Uni docs\2nd year\2204-Functional Programming\Tutorials\Tutorial 4'. The most common cause for this problem is that the editor was opened in the wrong working directory, for example if you use sbt then the workspace directory should contain build.sbt. 
2022.08.01 08:50:56 WARN  no build target for: C:\Users\Isurika Arunodi\Documents\Uni docs\2nd year\2204-Functional Programming\Tutorials\Tutorial 4\Q3.scala
2022.08.01 08:50:58 INFO  no build target found for C:\Users\Isurika Arunodi\Documents\Uni docs\2nd year\2204-Functional Programming\Tutorials\Tutorial 4\Q3.scala. Using presentation compiler with project's scala-library version: 3.1.3
2022.08.01 08:50:59 INFO  time: code lens generation in 5.01s
2022.08.01 09:08:20 WARN  no build target for: C:\Users\Isurika Arunodi\Documents\Uni docs\2nd year\2204-Functional Programming\Tutorials\Tutorial 4\Q2.scala
2022.08.01 09:09:21 WARN  no build target for: C:\Users\Isurika Arunodi\Documents\Uni docs\2nd year\2204-Functional Programming\Tutorials\Tutorial 4\Q2.scala
2022.08.01 09:09:24 WARN  no build target for: C:\Users\Isurika Arunodi\Documents\Uni docs\2nd year\2204-Functional Programming\Tutorials\Tutorial 4\Q2.scala
Aug 01, 2022 9:09:28 AM org.eclipse.lsp4j.jsonrpc.RemoteEndpoint handleCancellation
WARNING: Unmatched cancel notification for request id 45
2022.08.01 09:09:29 WARN  no build target for: C:\Users\Isurika Arunodi\Documents\Uni docs\2nd year\2204-Functional Programming\Tutorials\Tutorial 4\Q2.scala
2022.08.01 09:09:37 WARN  no build target for: C:\Users\Isurika Arunodi\Documents\Uni docs\2nd year\2204-Functional Programming\Tutorials\Tutorial 4\Q2.scala
2022.08.01 09:09:41 WARN  no build target for: C:\Users\Isurika Arunodi\Documents\Uni docs\2nd year\2204-Functional Programming\Tutorials\Tutorial 4\Q2.scala
2022.08.01 09:09:48 WARN  no build target for: C:\Users\Isurika Arunodi\Documents\Uni docs\2nd year\2204-Functional Programming\Tutorials\Tutorial 4\Q2.scala
2022.08.01 09:09:57 WARN  no build target for: C:\Users\Isurika Arunodi\Documents\Uni docs\2nd year\2204-Functional Programming\Tutorials\Tutorial 4\Q2.scala
2022.08.01 09:10:02 WARN  no build target for: C:\Users\Isurika Arunodi\Documents\Uni docs\2nd year\2204-Functional Programming\Tutorials\Tutorial 4\Q2.scala
2022.08.01 09:18:12 WARN  no build target for: C:\Users\Isurika Arunodi\Documents\Uni docs\2nd year\2204-Functional Programming\Tutorials\Tutorial 4\Q2.scala
2022.08.01 09:18:15 WARN  no build target for: C:\Users\Isurika Arunodi\Documents\Uni docs\2nd year\2204-Functional Programming\Tutorials\Tutorial 4\Q2.scala
2022.08.01 09:18:19 WARN  no build target for: C:\Users\Isurika Arunodi\Documents\Uni docs\2nd year\2204-Functional Programming\Tutorials\Tutorial 4\Q2.scala
2022.08.01 09:18:38 WARN  no build target for: C:\Users\Isurika Arunodi\Documents\Uni docs\2nd year\2204-Functional Programming\Tutorials\Tutorial 4\Q2.scala
2022.08.01 09:18:42 WARN  no build target for: C:\Users\Isurika Arunodi\Documents\Uni docs\2nd year\2204-Functional Programming\Tutorials\Tutorial 4\Q2.scala
2022.08.01 09:18:43 WARN  no build target for: C:\Users\Isurika Arunodi\Documents\Uni docs\2nd year\2204-Functional Programming\Tutorials\Tutorial 4\Q2.scala
2022.08.01 09:18:45 WARN  no build target for: C:\Users\Isurika Arunodi\Documents\Uni docs\2nd year\2204-Functional Programming\Tutorials\Tutorial 4\Q2.scala
2022.08.01 09:19:10 WARN  no build target for: C:\Users\Isurika Arunodi\Documents\Uni docs\2nd year\2204-Functional Programming\Tutorials\Tutorial 4\Q3.scala
2022.08.01 09:19:12 WARN  no build target for: C:\Users\Isurika Arunodi\Documents\Uni docs\2nd year\2204-Functional Programming\Tutorials\Tutorial 4\Q3.scala
2022.08.01 09:19:13 WARN  no build target for: C:\Users\Isurika Arunodi\Documents\Uni docs\2nd year\2204-Functional Programming\Tutorials\Tutorial 4\Q3.scala
2022.08.01 09:20:06 WARN  no build target for: C:\Users\Isurika Arunodi\Documents\Uni docs\2nd year\2204-Functional Programming\Tutorials\Tutorial 4\Q3.scala
2022.08.01 09:20:16 WARN  no build target for: C:\Users\Isurika Arunodi\Documents\Uni docs\2nd year\2204-Functional Programming\Tutorials\Tutorial 4\Q3.scala
2022.08.01 09:20:17 WARN  no build target for: C:\Users\Isurika Arunodi\Documents\Uni docs\2nd year\2204-Functional Programming\Tutorials\Tutorial 4\Q3.scala
2022.08.01 09:20:25 WARN  no build target for: C:\Users\Isurika Arunodi\Documents\Uni docs\2nd year\2204-Functional Programming\Tutorials\Tutorial 4\Q3.scala
2022.08.01 09:20:28 WARN  no build target for: C:\Users\Isurika Arunodi\Documents\Uni docs\2nd year\2204-Functional Programming\Tutorials\Tutorial 4\Q3.scala
2022.08.01 09:21:04 WARN  no build target for: C:\Users\Isurika Arunodi\Documents\Uni docs\2nd year\2204-Functional Programming\Tutorials\Tutorial 4\Q3.scala
2022.08.01 09:21:05 WARN  no build target for: C:\Users\Isurika Arunodi\Documents\Uni docs\2nd year\2204-Functional Programming\Tutorials\Tutorial 4\Q3.scala
2022.08.01 09:21:09 WARN  no build target for: C:\Users\Isurika Arunodi\Documents\Uni docs\2nd year\2204-Functional Programming\Tutorials\Tutorial 4\Q3.scala
2022.08.01 09:21:20 WARN  no build target for: C:\Users\Isurika Arunodi\Documents\Uni docs\2nd year\2204-Functional Programming\Tutorials\Tutorial 4\Q3.scala
2022.08.01 09:21:27 WARN  no build target for: C:\Users\Isurika Arunodi\Documents\Uni docs\2nd year\2204-Functional Programming\Tutorials\Tutorial 4\Q3.scala
2022.08.01 09:21:35 WARN  no build target for: C:\Users\Isurika Arunodi\Documents\Uni docs\2nd year\2204-Functional Programming\Tutorials\Tutorial 4\Q3.scala
2022.08.01 09:21:37 WARN  no build target for: C:\Users\Isurika Arunodi\Documents\Uni docs\2nd year\2204-Functional Programming\Tutorials\Tutorial 4\Q3.scala
2022.08.01 09:21:39 WARN  no build target for: C:\Users\Isurika Arunodi\Documents\Uni docs\2nd year\2204-Functional Programming\Tutorials\Tutorial 4\Q3.scala
2022.08.01 09:21:45 WARN  no build target for: C:\Users\Isurika Arunodi\Documents\Uni docs\2nd year\2204-Functional Programming\Tutorials\Tutorial 4\Q3.scala
2022.08.01 09:21:52 WARN  no build target for: C:\Users\Isurika Arunodi\Documents\Uni docs\2nd year\2204-Functional Programming\Tutorials\Tutorial 4\Q3.scala
2022.08.01 09:21:54 WARN  no build target for: C:\Users\Isurika Arunodi\Documents\Uni docs\2nd year\2204-Functional Programming\Tutorials\Tutorial 4\Q3.scala
2022.08.01 09:21:57 WARN  no build target for: C:\Users\Isurika Arunodi\Documents\Uni docs\2nd year\2204-Functional Programming\Tutorials\Tutorial 4\Q3.scala
2022.08.01 09:22:07 WARN  no build target for: C:\Users\Isurika Arunodi\Documents\Uni docs\2nd year\2204-Functional Programming\Tutorials\Tutorial 4\Q3.scala
2022.08.01 09:25:16 WARN  no build target for: C:\Users\Isurika Arunodi\Documents\Uni docs\2nd year\2204-Functional Programming\Tutorials\Tutorial 4\Q1.scala
2022.08.01 09:25:21 WARN  no build target for: C:\Users\Isurika Arunodi\Documents\Uni docs\2nd year\2204-Functional Programming\Tutorials\Tutorial 4\Q1.scala
2022.08.01 09:25:24 WARN  no build target for: C:\Users\Isurika Arunodi\Documents\Uni docs\2nd year\2204-Functional Programming\Tutorials\Tutorial 4\Q1.scala
2022.08.01 09:25:32 WARN  no build target for: C:\Users\Isurika Arunodi\Documents\Uni docs\2nd year\2204-Functional Programming\Tutorials\Tutorial 4\Q1.scala
2022.08.01 09:25:40 WARN  no build target for: C:\Users\Isurika Arunodi\Documents\Uni docs\2nd year\2204-Functional Programming\Tutorials\Tutorial 4\Q1.scala
2022.08.01 09:25:43 WARN  no build target for: C:\Users\Isurika Arunodi\Documents\Uni docs\2nd year\2204-Functional Programming\Tutorials\Tutorial 4\Q1.scala
2022.08.01 09:25:50 WARN  no build target for: C:\Users\Isurika Arunodi\Documents\Uni docs\2nd year\2204-Functional Programming\Tutorials\Tutorial 4\Q1.scala
2022.08.01 09:25:53 WARN  no build target for: C:\Users\Isurika Arunodi\Documents\Uni docs\2nd year\2204-Functional Programming\Tutorials\Tutorial 4\Q1.scala
2022.08.01 09:25:56 WARN  no build target for: C:\Users\Isurika Arunodi\Documents\Uni docs\2nd year\2204-Functional Programming\Tutorials\Tutorial 4\Q1.scala
2022.08.01 09:26:05 WARN  no build target for: C:\Users\Isurika Arunodi\Documents\Uni docs\2nd year\2204-Functional Programming\Tutorials\Tutorial 4\Q1.scala
2022.08.01 09:26:07 WARN  no build target for: C:\Users\Isurika Arunodi\Documents\Uni docs\2nd year\2204-Functional Programming\Tutorials\Tutorial 4\Q1.scala
2022.08.01 09:26:10 WARN  no build target for: C:\Users\Isurika Arunodi\Documents\Uni docs\2nd year\2204-Functional Programming\Tutorials\Tutorial 4\Q1.scala
2022.08.01 09:26:14 WARN  no build target for: C:\Users\Isurika Arunodi\Documents\Uni docs\2nd year\2204-Functional Programming\Tutorials\Tutorial 4\Q1.scala
2022.08.01 09:26:18 WARN  no build target for: C:\Users\Isurika Arunodi\Documents\Uni docs\2nd year\2204-Functional Programming\Tutorials\Tutorial 4\Q1.scala
2022.08.01 09:26:19 WARN  no build target for: C:\Users\Isurika Arunodi\Documents\Uni docs\2nd year\2204-Functional Programming\Tutorials\Tutorial 4\Q1.scala
2022.08.01 09:26:24 WARN  no build target for: C:\Users\Isurika Arunodi\Documents\Uni docs\2nd year\2204-Functional Programming\Tutorials\Tutorial 4\Q1.scala
Aug 01, 2022 9:26:25 AM org.eclipse.lsp4j.jsonrpc.RemoteEndpoint handleCancellation
WARNING: Unmatched cancel notification for request id 677
2022.08.01 09:26:28 WARN  no build target for: C:\Users\Isurika Arunodi\Documents\Uni docs\2nd year\2204-Functional Programming\Tutorials\Tutorial 4\Q1.scala
2022.08.01 09:26:31 WARN  no build target for: C:\Users\Isurika Arunodi\Documents\Uni docs\2nd year\2204-Functional Programming\Tutorials\Tutorial 4\Q1.scala
2022.08.01 09:26:35 WARN  no build target for: C:\Users\Isurika Arunodi\Documents\Uni docs\2nd year\2204-Functional Programming\Tutorials\Tutorial 4\Q1.scala
2022.08.01 09:26:38 WARN  no build target for: C:\Users\Isurika Arunodi\Documents\Uni docs\2nd year\2204-Functional Programming\Tutorials\Tutorial 4\Q1.scala
Aug 01, 2022 9:26:38 AM org.eclipse.lsp4j.jsonrpc.RemoteEndpoint handleCancellation
WARNING: Unmatched cancel notification for request id 724
2022.08.01 09:26:41 WARN  no build target for: C:\Users\Isurika Arunodi\Documents\Uni docs\2nd year\2204-Functional Programming\Tutorials\Tutorial 4\Q1.scala
2022.08.01 09:26:44 WARN  no build target for: C:\Users\Isurika Arunodi\Documents\Uni docs\2nd year\2204-Functional Programming\Tutorials\Tutorial 4\Q1.scala
2022.08.01 09:27:19 WARN  no build target for: C:\Users\Isurika Arunodi\Documents\Uni docs\2nd year\2204-Functional Programming\Tutorials\Tutorial 4\Q1.scala
2022.08.01 09:27:20 WARN  no build target for: C:\Users\Isurika Arunodi\Documents\Uni docs\2nd year\2204-Functional Programming\Tutorials\Tutorial 4\Q1.scala
2022.08.01 09:27:26 WARN  no build target for: C:\Users\Isurika Arunodi\Documents\Uni docs\2nd year\2204-Functional Programming\Tutorials\Tutorial 4\Q1.scala
2022.08.01 09:27:29 WARN  no build target for: C:\Users\Isurika Arunodi\Documents\Uni docs\2nd year\2204-Functional Programming\Tutorials\Tutorial 4\Q1.scala
2022.08.01 09:27:34 WARN  no build target for: C:\Users\Isurika Arunodi\Documents\Uni docs\2nd year\2204-Functional Programming\Tutorials\Tutorial 4\Q1.scala
2022.08.01 09:27:36 WARN  no build target for: C:\Users\Isurika Arunodi\Documents\Uni docs\2nd year\2204-Functional Programming\Tutorials\Tutorial 4\Q1.scala
2022.08.01 09:27:39 WARN  no build target for: C:\Users\Isurika Arunodi\Documents\Uni docs\2nd year\2204-Functional Programming\Tutorials\Tutorial 4\Q1.scala
2022.08.01 09:27:42 WARN  no build target for: C:\Users\Isurika Arunodi\Documents\Uni docs\2nd year\2204-Functional Programming\Tutorials\Tutorial 4\Q1.scala
2022.08.01 09:27:47 WARN  no build target for: C:\Users\Isurika Arunodi\Documents\Uni docs\2nd year\2204-Functional Programming\Tutorials\Tutorial 4\Q1.scala
2022.08.01 09:27:50 WARN  no build target for: C:\Users\Isurika Arunodi\Documents\Uni docs\2nd year\2204-Functional Programming\Tutorials\Tutorial 4\Q1.scala
2022.08.01 09:27:55 WARN  no build target for: C:\Users\Isurika Arunodi\Documents\Uni docs\2nd year\2204-Functional Programming\Tutorials\Tutorial 4\Q1.scala
Aug 01, 2022 9:28:59 AM scala.meta.internal.pc.CompilerAccess handleError
SEVERE: Toplevel definition main is defined in
  C:\Users\Isurika Arunodi\Documents\Uni docs\2nd year\2204-Functional Programming\Tutorials\Tutorial 4\Q2.scala
and also in
  C:\Users\Isurika Arunodi\Documents\Uni docs\2nd year\2204-Functional Programming\Tutorials\Tutorial 4\Q1.scala
One of these files should be removed from the classpath.
dotty.tools.dotc.core.TypeError: Toplevel definition main is defined in
  C:\Users\Isurika Arunodi\Documents\Uni docs\2nd year\2204-Functional Programming\Tutorials\Tutorial 4\Q2.scala
and also in
  C:\Users\Isurika Arunodi\Documents\Uni docs\2nd year\2204-Functional Programming\Tutorials\Tutorial 4\Q1.scala
One of these files should be removed from the classpath.
	at dotty.tools.dotc.core.SymDenotations$PackageClassDenotation.dropStale$1(SymDenotations.scala:2431)
	at dotty.tools.dotc.core.SymDenotations$PackageClassDenotation.recur$5(SymDenotations.scala:2395)
	at dotty.tools.dotc.core.SymDenotations$PackageClassDenotation.computeMembersNamed(SymDenotations.scala:2451)
	at dotty.tools.dotc.core.SymDenotations$ClassDenotation.membersNamed(SymDenotations.scala:2010)
	at dotty.tools.dotc.core.SymDenotations$ClassDenotation.findMember(SymDenotations.scala:2061)
	at dotty.tools.dotc.core.Types$Type.go$1(Types.scala:683)
	at dotty.tools.dotc.core.Types$Type.goThis$1(Types.scala:808)
	at dotty.tools.dotc.core.Types$Type.go$1(Types.scala:700)
	at dotty.tools.dotc.core.Types$Type.findMember(Types.scala:876)
	at dotty.tools.dotc.core.Types$Type.memberBasedOnFlags(Types.scala:666)
	at dotty.tools.dotc.core.Types$Type.member(Types.scala:650)
	at dotty.tools.dotc.core.Types$Type.allMembers$$anonfun$1(Types.scala:1017)
	at scala.runtime.function.JProcedure2.apply(JProcedure2.java:15)
	at scala.runtime.function.JProcedure2.apply(JProcedure2.java:10)
	at dotty.tools.dotc.core.Types$Type.memberDenots$$anonfun$1(Types.scala:922)
	at scala.runtime.function.JProcedure1.apply(JProcedure1.java:15)
	at scala.runtime.function.JProcedure1.apply(JProcedure1.java:10)
	at scala.collection.immutable.BitmapIndexedSetNode.foreach(HashSet.scala:937)
	at scala.collection.immutable.HashSet.foreach(HashSet.scala:944)
	at dotty.tools.dotc.core.Types$Type.memberDenots(Types.scala:922)
	at dotty.tools.dotc.core.Types$Type.allMembers(Types.scala:1017)
	at scala.meta.internal.pc.IndexedContext$.accesibleMembers$1(IndexedContext.scala:133)
	at scala.meta.internal.pc.IndexedContext$.scala$meta$internal$pc$IndexedContext$$$extractNames(IndexedContext.scala:188)
	at scala.meta.internal.pc.IndexedContext$LazyWrapper.<init>(IndexedContext.scala:83)
	at scala.meta.internal.pc.IndexedContext$.apply(IndexedContext.scala:71)
	at scala.meta.internal.pc.IndexedContext$LazyWrapper.<init>(IndexedContext.scala:82)
	at scala.meta.internal.pc.IndexedContext$.apply(IndexedContext.scala:71)
	at scala.meta.internal.pc.IndexedContext$LazyWrapper.<init>(IndexedContext.scala:82)
	at scala.meta.internal.pc.IndexedContext$.apply(IndexedContext.scala:71)
	at scala.meta.internal.pc.IndexedContext$LazyWrapper.<init>(IndexedContext.scala:82)
	at scala.meta.internal.pc.IndexedContext$.apply(IndexedContext.scala:71)
	at scala.meta.internal.pc.IndexedContext$LazyWrapper.<init>(IndexedContext.scala:82)
	at scala.meta.internal.pc.IndexedContext$.apply(IndexedContext.scala:71)
	at scala.meta.internal.pc.IndexedContext$LazyWrapper.<init>(IndexedContext.scala:82)
	at scala.meta.internal.pc.IndexedContext$.apply(IndexedContext.scala:71)
	at scala.meta.internal.pc.completions.CompletionsProvider.completions(CompletionsProvider.scala:56)

2022.08.01 09:29:00 WARN  no build target for: C:\Users\Isurika Arunodi\Documents\Uni docs\2nd year\2204-Functional Programming\Tutorials\Tutorial 4\Q1.scala
2022.08.01 09:29:04 WARN  no build target for: C:\Users\Isurika Arunodi\Documents\Uni docs\2nd year\2204-Functional Programming\Tutorials\Tutorial 4\Q1.scala
2022.08.01 09:29:36 WARN  no build target for: C:\Users\Isurika Arunodi\Documents\Uni docs\2nd year\2204-Functional Programming\Tutorials\Tutorial 4\Q3.scala
2022.08.01 09:29:40 WARN  no build target for: C:\Users\Isurika Arunodi\Documents\Uni docs\2nd year\2204-Functional Programming\Tutorials\Tutorial 4\Q3.scala
2022.08.01 09:29:48 WARN  no build target for: C:\Users\Isurika Arunodi\Documents\Uni docs\2nd year\2204-Functional Programming\Tutorials\Tutorial 4\Q3.scala
2022.08.01 09:30:37 WARN  no build target for: C:\Users\Isurika Arunodi\Documents\Uni docs\2nd year\2204-Functional Programming\Tutorials\Tutorial 4\Q2.scala
2022.08.01 09:30:39 WARN  no build target for: C:\Users\Isurika Arunodi\Documents\Uni docs\2nd year\2204-Functional Programming\Tutorials\Tutorial 4\Q2.scala
2022.08.01 09:30:40 WARN  no build target for: C:\Users\Isurika Arunodi\Documents\Uni docs\2nd year\2204-Functional Programming\Tutorials\Tutorial 4\Q2.scala
2022.08.01 09:30:41 WARN  no build target for: C:\Users\Isurika Arunodi\Documents\Uni docs\2nd year\2204-Functional Programming\Tutorials\Tutorial 4\Q2.scala
2022.08.01 09:30:42 WARN  no build target for: C:\Users\Isurika Arunodi\Documents\Uni docs\2nd year\2204-Functional Programming\Tutorials\Tutorial 4\Q2.scala
2022.08.01 09:30:48 WARN  no build target for: C:\Users\Isurika Arunodi\Documents\Uni docs\2nd year\2204-Functional Programming\Tutorials\Tutorial 4\Q2.scala
2022.08.01 09:30:53 WARN  no build target for: C:\Users\Isurika Arunodi\Documents\Uni docs\2nd year\2204-Functional Programming\Tutorials\Tutorial 4\Q2.scala
2022.08.01 09:30:55 WARN  no build target for: C:\Users\Isurika Arunodi\Documents\Uni docs\2nd year\2204-Functional Programming\Tutorials\Tutorial 4\Q2.scala
2022.08.01 09:30:58 WARN  no build target for: C:\Users\Isurika Arunodi\Documents\Uni docs\2nd year\2204-Functional Programming\Tutorials\Tutorial 4\Q2.scala
2022.08.01 09:31:27 WARN  no build target for: C:\Users\Isurika Arunodi\Documents\Uni docs\2nd year\2204-Functional Programming\Tutorials\Tutorial 4\Q1.scala
2022.08.01 09:31:56 WARN  no build target for: C:\Users\Isurika Arunodi\Documents\Uni docs\2nd year\2204-Functional Programming\Tutorials\Tutorial 4\Q1.scala
2022.08.01 09:31:57 WARN  no build target for: C:\Users\Isurika Arunodi\Documents\Uni docs\2nd year\2204-Functional Programming\Tutorials\Tutorial 4\Q1.scala
2022.08.01 09:32:00 WARN  no build target for: C:\Users\Isurika Arunodi\Documents\Uni docs\2nd year\2204-Functional Programming\Tutorials\Tutorial 4\Q1.scala
2022.08.01 09:32:04 WARN  no build target for: C:\Users\Isurika Arunodi\Documents\Uni docs\2nd year\2204-Functional Programming\Tutorials\Tutorial 4\Q1.scala
2022.08.01 09:32:24 WARN  no build target for: C:\Users\Isurika Arunodi\Documents\Uni docs\2nd year\2204-Functional Programming\Tutorials\Tutorial 4\Q3.scala
2022.08.01 09:32:25 WARN  no build target for: C:\Users\Isurika Arunodi\Documents\Uni docs\2nd year\2204-Functional Programming\Tutorials\Tutorial 4\Q3.scala
2022.08.01 09:32:36 WARN  no build target for: C:\Users\Isurika Arunodi\Documents\Uni docs\2nd year\2204-Functional Programming\Tutorials\Tutorial 4\Q3.scala
2022.08.01 09:32:42 WARN  no build target for: C:\Users\Isurika Arunodi\Documents\Uni docs\2nd year\2204-Functional Programming\Tutorials\Tutorial 4\Q3.scala
2022.08.01 09:32:45 WARN  no build target for: C:\Users\Isurika Arunodi\Documents\Uni docs\2nd year\2204-Functional Programming\Tutorials\Tutorial 4\Q3.scala
2022.08.01 09:32:48 WARN  no build target for: C:\Users\Isurika Arunodi\Documents\Uni docs\2nd year\2204-Functional Programming\Tutorials\Tutorial 4\Q3.scala
2022.08.01 09:32:53 WARN  no build target for: C:\Users\Isurika Arunodi\Documents\Uni docs\2nd year\2204-Functional Programming\Tutorials\Tutorial 4\Q3.scala
2022.08.01 09:32:56 WARN  no build target for: C:\Users\Isurika Arunodi\Documents\Uni docs\2nd year\2204-Functional Programming\Tutorials\Tutorial 4\Q3.scala
2022.08.01 09:33:03 WARN  no build target for: C:\Users\Isurika Arunodi\Documents\Uni docs\2nd year\2204-Functional Programming\Tutorials\Tutorial 4\Q3.scala
2022.08.01 09:33:05 WARN  no build target for: C:\Users\Isurika Arunodi\Documents\Uni docs\2nd year\2204-Functional Programming\Tutorials\Tutorial 4\Q3.scala
2022.08.01 09:33:07 WARN  no build target for: C:\Users\Isurika Arunodi\Documents\Uni docs\2nd year\2204-Functional Programming\Tutorials\Tutorial 4\Q3.scala
2022.08.01 09:33:09 WARN  no build target for: C:\Users\Isurika Arunodi\Documents\Uni docs\2nd year\2204-Functional Programming\Tutorials\Tutorial 4\Q3.scala
2022.08.01 09:33:11 WARN  no build target for: C:\Users\Isurika Arunodi\Documents\Uni docs\2nd year\2204-Functional Programming\Tutorials\Tutorial 4\Q3.scala
2022.08.01 09:33:14 WARN  no build target for: C:\Users\Isurika Arunodi\Documents\Uni docs\2nd year\2204-Functional Programming\Tutorials\Tutorial 4\Q3.scala
2022.08.01 09:33:18 WARN  no build target for: C:\Users\Isurika Arunodi\Documents\Uni docs\2nd year\2204-Functional Programming\Tutorials\Tutorial 4\Q3.scala
2022.08.01 09:33:21 WARN  no build target for: C:\Users\Isurika Arunodi\Documents\Uni docs\2nd year\2204-Functional Programming\Tutorials\Tutorial 4\Q3.scala
2022.08.01 09:33:30 WARN  no build target for: C:\Users\Isurika Arunodi\Documents\Uni docs\2nd year\2204-Functional Programming\Tutorials\Tutorial 4\Q3.scala
2022.08.01 09:33:31 WARN  no build target for: C:\Users\Isurika Arunodi\Documents\Uni docs\2nd year\2204-Functional Programming\Tutorials\Tutorial 4\Q3.scala
2022.08.01 09:37:15 WARN  no build target for: C:\Users\Isurika Arunodi\Documents\Uni docs\2nd year\2204-Functional Programming\Tutorials\Tutorial 4\Q3.scala
2022.08.01 09:37:19 WARN  no build target for: C:\Users\Isurika Arunodi\Documents\Uni docs\2nd year\2204-Functional Programming\Tutorials\Tutorial 4\Q3.scala
2022.08.01 09:37:21 WARN  no build target for: C:\Users\Isurika Arunodi\Documents\Uni docs\2nd year\2204-Functional Programming\Tutorials\Tutorial 4\Q3.scala
2022.08.01 09:37:30 WARN  no build target for: C:\Users\Isurika Arunodi\Documents\Uni docs\2nd year\2204-Functional Programming\Tutorials\Tutorial 4\Q3.scala
2022.08.01 09:37:33 WARN  no build target for: C:\Users\Isurika Arunodi\Documents\Uni docs\2nd year\2204-Functional Programming\Tutorials\Tutorial 4\Q3.scala
2022.08.01 09:37:39 WARN  no build target for: C:\Users\Isurika Arunodi\Documents\Uni docs\2nd year\2204-Functional Programming\Tutorials\Tutorial 4\Q3.scala
2022.08.01 09:37:48 WARN  no build target for: C:\Users\Isurika Arunodi\Documents\Uni docs\2nd year\2204-Functional Programming\Tutorials\Tutorial 4\Q3.scala
2022.08.01 09:37:51 WARN  no build target for: C:\Users\Isurika Arunodi\Documents\Uni docs\2nd year\2204-Functional Programming\Tutorials\Tutorial 4\Q3.scala
2022.08.01 09:37:58 WARN  no build target for: C:\Users\Isurika Arunodi\Documents\Uni docs\2nd year\2204-Functional Programming\Tutorials\Tutorial 4\Q3.scala
2022.08.01 09:38:38 WARN  no build target for: C:\Users\Isurika Arunodi\Documents\Uni docs\2nd year\2204-Functional Programming\Tutorials\Tutorial 4\Q3.scala
2022.08.01 09:38:40 WARN  no build target for: C:\Users\Isurika Arunodi\Documents\Uni docs\2nd year\2204-Functional Programming\Tutorials\Tutorial 4\Q3.scala
2022.08.01 09:38:43 WARN  no build target for: C:\Users\Isurika Arunodi\Documents\Uni docs\2nd year\2204-Functional Programming\Tutorials\Tutorial 4\Q3.scala
2022.08.01 09:38:47 WARN  no build target for: C:\Users\Isurika Arunodi\Documents\Uni docs\2nd year\2204-Functional Programming\Tutorials\Tutorial 4\Q3.scala
2022.08.01 09:38:51 WARN  no build target for: C:\Users\Isurika Arunodi\Documents\Uni docs\2nd year\2204-Functional Programming\Tutorials\Tutorial 4\Q3.scala
2022.08.01 09:38:57 WARN  no build target for: C:\Users\Isurika Arunodi\Documents\Uni docs\2nd year\2204-Functional Programming\Tutorials\Tutorial 4\Q3.scala
2022.08.01 09:39:01 WARN  no build target for: C:\Users\Isurika Arunodi\Documents\Uni docs\2nd year\2204-Functional Programming\Tutorials\Tutorial 4\Q3.scala
2022.08.01 09:39:03 WARN  no build target for: C:\Users\Isurika Arunodi\Documents\Uni docs\2nd year\2204-Functional Programming\Tutorials\Tutorial 4\Q3.scala
2022.08.01 09:39:05 WARN  no build target for: C:\Users\Isurika Arunodi\Documents\Uni docs\2nd year\2204-Functional Programming\Tutorials\Tutorial 4\Q3.scala
2022.08.01 09:39:14 WARN  no build target for: C:\Users\Isurika Arunodi\Documents\Uni docs\2nd year\2204-Functional Programming\Tutorials\Tutorial 4\Q3.scala
2022.08.01 09:39:17 WARN  no build target for: C:\Users\Isurika Arunodi\Documents\Uni docs\2nd year\2204-Functional Programming\Tutorials\Tutorial 4\Q3.scala
2022.08.01 09:39:19 WARN  no build target for: C:\Users\Isurika Arunodi\Documents\Uni docs\2nd year\2204-Functional Programming\Tutorials\Tutorial 4\Q3.scala
2022.08.01 09:39:56 WARN  no build target for: C:\Users\Isurika Arunodi\Documents\Uni docs\2nd year\2204-Functional Programming\Tutorials\Tutorial 4\Q3.scala
2022.08.01 09:43:01 WARN  no build target for: C:\Users\Isurika Arunodi\Documents\Uni docs\2nd year\2204-Functional Programming\Tutorials\Tutorial 4\Q3.scala
2022.08.01 09:43:05 WARN  no build target for: C:\Users\Isurika Arunodi\Documents\Uni docs\2nd year\2204-Functional Programming\Tutorials\Tutorial 4\Q3.scala
2022.08.01 09:43:11 WARN  no build target for: C:\Users\Isurika Arunodi\Documents\Uni docs\2nd year\2204-Functional Programming\Tutorials\Tutorial 4\Q3.scala
2022.08.01 09:43:14 WARN  no build target for: C:\Users\Isurika Arunodi\Documents\Uni docs\2nd year\2204-Functional Programming\Tutorials\Tutorial 4\Q3.scala
2022.08.01 09:43:16 WARN  no build target for: C:\Users\Isurika Arunodi\Documents\Uni docs\2nd year\2204-Functional Programming\Tutorials\Tutorial 4\Q3.scala
2022.08.01 09:43:21 WARN  no build target for: C:\Users\Isurika Arunodi\Documents\Uni docs\2nd year\2204-Functional Programming\Tutorials\Tutorial 4\Q3.scala
2022.08.01 09:43:24 WARN  no build target for: C:\Users\Isurika Arunodi\Documents\Uni docs\2nd year\2204-Functional Programming\Tutorials\Tutorial 4\Q3.scala
2022.08.01 09:43:29 WARN  no build target for: C:\Users\Isurika Arunodi\Documents\Uni docs\2nd year\2204-Functional Programming\Tutorials\Tutorial 4\Q3.scala
2022.08.01 09:43:35 WARN  no build target for: C:\Users\Isurika Arunodi\Documents\Uni docs\2nd year\2204-Functional Programming\Tutorials\Tutorial 4\Q3.scala
2022.08.01 09:43:36 WARN  no build target for: C:\Users\Isurika Arunodi\Documents\Uni docs\2nd year\2204-Functional Programming\Tutorials\Tutorial 4\Q3.scala
2022.08.01 09:43:40 WARN  no build target for: C:\Users\Isurika Arunodi\Documents\Uni docs\2nd year\2204-Functional Programming\Tutorials\Tutorial 4\Q3.scala
Aug 01, 2022 9:43:57 AM org.eclipse.lsp4j.jsonrpc.RemoteEndpoint handleCancellation
WARNING: Unmatched cancel notification for request id 1794
2022.08.01 09:44:00 WARN  no build target for: C:\Users\Isurika Arunodi\Documents\Uni docs\2nd year\2204-Functional Programming\Tutorials\Tutorial 4\Q3.scala
2022.08.01 09:44:04 WARN  no build target for: C:\Users\Isurika Arunodi\Documents\Uni docs\2nd year\2204-Functional Programming\Tutorials\Tutorial 4\Q3.scala
2022.08.01 09:44:07 WARN  no build target for: C:\Users\Isurika Arunodi\Documents\Uni docs\2nd year\2204-Functional Programming\Tutorials\Tutorial 4\Q3.scala
2022.08.01 09:44:11 WARN  no build target for: C:\Users\Isurika Arunodi\Documents\Uni docs\2nd year\2204-Functional Programming\Tutorials\Tutorial 4\Q3.scala
2022.08.01 09:44:20 WARN  no build target for: C:\Users\Isurika Arunodi\Documents\Uni docs\2nd year\2204-Functional Programming\Tutorials\Tutorial 4\Q3.scala
2022.08.01 09:44:25 WARN  no build target for: C:\Users\Isurika Arunodi\Documents\Uni docs\2nd year\2204-Functional Programming\Tutorials\Tutorial 4\Q3.scala
2022.08.01 09:44:33 WARN  no build target for: C:\Users\Isurika Arunodi\Documents\Uni docs\2nd year\2204-Functional Programming\Tutorials\Tutorial 4\Q3.scala
2022.08.01 09:44:35 WARN  no build target for: C:\Users\Isurika Arunodi\Documents\Uni docs\2nd year\2204-Functional Programming\Tutorials\Tutorial 4\Q3.scala
2022.08.01 09:44:38 WARN  no build target for: C:\Users\Isurika Arunodi\Documents\Uni docs\2nd year\2204-Functional Programming\Tutorials\Tutorial 4\Q3.scala
2022.08.01 09:44:49 WARN  no build target for: C:\Users\Isurika Arunodi\Documents\Uni docs\2nd year\2204-Functional Programming\Tutorials\Tutorial 4\Q3.scala
2022.08.01 09:44:51 WARN  no build target for: C:\Users\Isurika Arunodi\Documents\Uni docs\2nd year\2204-Functional Programming\Tutorials\Tutorial 4\Q3.scala
2022.08.01 09:44:53 WARN  no build target for: C:\Users\Isurika Arunodi\Documents\Uni docs\2nd year\2204-Functional Programming\Tutorials\Tutorial 4\Q3.scala
2022.08.01 09:45:03 WARN  no build target for: C:\Users\Isurika Arunodi\Documents\Uni docs\2nd year\2204-Functional Programming\Tutorials\Tutorial 4\Q3.scala
2022.08.01 09:46:37 WARN  no build target for: C:\Users\Isurika Arunodi\Documents\Uni docs\2nd year\2204-Functional Programming\Tutorials\Tutorial 4\Q3.scala
2022.08.01 09:46:41 WARN  no build target for: C:\Users\Isurika Arunodi\Documents\Uni docs\2nd year\2204-Functional Programming\Tutorials\Tutorial 4\Q3.scala
2022.08.01 09:46:45 WARN  no build target for: C:\Users\Isurika Arunodi\Documents\Uni docs\2nd year\2204-Functional Programming\Tutorials\Tutorial 4\Q3.scala
2022.08.01 09:46:46 WARN  no build target for: C:\Users\Isurika Arunodi\Documents\Uni docs\2nd year\2204-Functional Programming\Tutorials\Tutorial 4\Q3.scala
2022.08.01 09:46:50 WARN  no build target for: C:\Users\Isurika Arunodi\Documents\Uni docs\2nd year\2204-Functional Programming\Tutorials\Tutorial 4\Q3.scala
2022.08.01 09:46:56 WARN  no build target for: C:\Users\Isurika Arunodi\Documents\Uni docs\2nd year\2204-Functional Programming\Tutorials\Tutorial 4\Q3.scala
2022.08.01 09:47:00 WARN  no build target for: C:\Users\Isurika Arunodi\Documents\Uni docs\2nd year\2204-Functional Programming\Tutorials\Tutorial 4\Q3.scala
2022.08.01 09:47:07 WARN  no build target for: C:\Users\Isurika Arunodi\Documents\Uni docs\2nd year\2204-Functional Programming\Tutorials\Tutorial 4\Q3.scala
2022.08.01 09:47:11 WARN  no build target for: C:\Users\Isurika Arunodi\Documents\Uni docs\2nd year\2204-Functional Programming\Tutorials\Tutorial 4\Q3.scala
2022.08.01 09:47:14 WARN  no build target for: C:\Users\Isurika Arunodi\Documents\Uni docs\2nd year\2204-Functional Programming\Tutorials\Tutorial 4\Q3.scala
2022.08.01 09:47:18 WARN  no build target for: C:\Users\Isurika Arunodi\Documents\Uni docs\2nd year\2204-Functional Programming\Tutorials\Tutorial 4\Q3.scala
2022.08.01 09:47:22 WARN  no build target for: C:\Users\Isurika Arunodi\Documents\Uni docs\2nd year\2204-Functional Programming\Tutorials\Tutorial 4\Q3.scala
2022.08.01 09:47:35 WARN  no build target for: C:\Users\Isurika Arunodi\Documents\Uni docs\2nd year\2204-Functional Programming\Tutorials\Tutorial 4\Q3.scala
2022.08.01 09:47:41 WARN  no build target for: C:\Users\Isurika Arunodi\Documents\Uni docs\2nd year\2204-Functional Programming\Tutorials\Tutorial 4\Q3.scala
2022.08.01 09:47:43 WARN  no build target for: C:\Users\Isurika Arunodi\Documents\Uni docs\2nd year\2204-Functional Programming\Tutorials\Tutorial 4\Q3.scala
2022.08.01 09:47:45 WARN  no build target for: C:\Users\Isurika Arunodi\Documents\Uni docs\2nd year\2204-Functional Programming\Tutorials\Tutorial 4\Q3.scala
2022.08.01 09:47:47 WARN  no build target for: C:\Users\Isurika Arunodi\Documents\Uni docs\2nd year\2204-Functional Programming\Tutorials\Tutorial 4\Q3.scala
2022.08.01 09:48:06 WARN  no build target for: C:\Users\Isurika Arunodi\Documents\Uni docs\2nd year\2204-Functional Programming\Tutorials\Tutorial 4\Q3.scala
2022.08.01 09:48:11 WARN  no build target for: C:\Users\Isurika Arunodi\Documents\Uni docs\2nd year\2204-Functional Programming\Tutorials\Tutorial 4\Q3.scala
2022.08.01 09:48:14 WARN  no build target for: C:\Users\Isurika Arunodi\Documents\Uni docs\2nd year\2204-Functional Programming\Tutorials\Tutorial 4\Q3.scala
2022.08.01 09:48:18 WARN  no build target for: C:\Users\Isurika Arunodi\Documents\Uni docs\2nd year\2204-Functional Programming\Tutorials\Tutorial 4\Q3.scala
2022.08.01 09:48:19 WARN  no build target for: C:\Users\Isurika Arunodi\Documents\Uni docs\2nd year\2204-Functional Programming\Tutorials\Tutorial 4\Q3.scala
2022.08.01 09:48:24 WARN  no build target for: C:\Users\Isurika Arunodi\Documents\Uni docs\2nd year\2204-Functional Programming\Tutorials\Tutorial 4\Q3.scala
2022.08.01 09:48:28 WARN  no build target for: C:\Users\Isurika Arunodi\Documents\Uni docs\2nd year\2204-Functional Programming\Tutorials\Tutorial 4\Q3.scala
2022.08.01 09:51:22 INFO  shutting down Metals
